0 info it worked if it ends with ok
1 verbose cli [ '/usr/bin/node',
1 verbose cli   '/usr/bin/npm',
1 verbose cli   'install',
1 verbose cli   'coffee-scriptnpm',
1 verbose cli   'install',
1 verbose cli   'http://github.com/jashkenas/coffee-script/tarball/master' ]
2 info using npm@1.3.11
3 info using node@v0.10.21
4 verbose node symlink /usr/bin/node
5 verbose cache add [ 'coffee-scriptnpm', null ]
6 verbose cache add name=undefined spec="coffee-scriptnpm" args=["coffee-scriptnpm",null]
7 verbose parsed url { protocol: null,
7 verbose parsed url   slashes: null,
7 verbose parsed url   auth: null,
7 verbose parsed url   host: null,
7 verbose parsed url   port: null,
7 verbose parsed url   hostname: null,
7 verbose parsed url   hash: null,
7 verbose parsed url   search: null,
7 verbose parsed url   query: null,
7 verbose parsed url   pathname: 'coffee-scriptnpm',
7 verbose parsed url   path: 'coffee-scriptnpm',
7 verbose parsed url   href: 'coffee-scriptnpm' }
8 verbose cache add [ 'install', null ]
9 verbose cache add name=undefined spec="install" args=["install",null]
10 verbose parsed url { protocol: null,
10 verbose parsed url   slashes: null,
10 verbose parsed url   auth: null,
10 verbose parsed url   host: null,
10 verbose parsed url   port: null,
10 verbose parsed url   hostname: null,
10 verbose parsed url   hash: null,
10 verbose parsed url   search: null,
10 verbose parsed url   query: null,
10 verbose parsed url   pathname: 'install',
10 verbose parsed url   path: 'install',
10 verbose parsed url   href: 'install' }
11 verbose cache add [ 'http://github.com/jashkenas/coffee-script/tarball/master',
11 verbose cache add   null ]
12 verbose cache add name=undefined spec="http://github.com/jashkenas/coffee-script/tarball/master" args=["http://github.com/jashkenas/coffee-script/tarball/master",null]
13 verbose parsed url { protocol: 'http:',
13 verbose parsed url   slashes: true,
13 verbose parsed url   auth: null,
13 verbose parsed url   host: 'github.com',
13 verbose parsed url   port: null,
13 verbose parsed url   hostname: 'github.com',
13 verbose parsed url   hash: null,
13 verbose parsed url   search: null,
13 verbose parsed url   query: null,
13 verbose parsed url   pathname: '/jashkenas/coffee-script/tarball/master',
13 verbose parsed url   path: '/jashkenas/coffee-script/tarball/master',
13 verbose parsed url   href: 'http://github.com/jashkenas/coffee-script/tarball/master' }
14 silly lockFile ea5eaa1f-coffee-scriptnpm coffee-scriptnpm
15 verbose lock coffee-scriptnpm /home/izrafel/.npm/ea5eaa1f-coffee-scriptnpm.lock
16 silly lockFile 89fb511f-install install
17 verbose lock install /home/izrafel/.npm/89fb511f-install.lock
18 silly lockFile 6e14d3f5-nas-coffee-script-tarball-master http://github.com/jashkenas/coffee-script/tarball/master
19 verbose lock http://github.com/jashkenas/coffee-script/tarball/master /home/izrafel/.npm/6e14d3f5-nas-coffee-script-tarball-master.lock
20 verbose addRemoteTarball [ 'http://github.com/jashkenas/coffee-script/tarball/master',
20 verbose addRemoteTarball   null ]
21 silly lockFile 89fb511f-install install
22 silly lockFile 89fb511f-install install
23 silly lockFile ea5eaa1f-coffee-scriptnpm coffee-scriptnpm
24 silly lockFile ea5eaa1f-coffee-scriptnpm coffee-scriptnpm
25 verbose addNamed [ 'install', '' ]
26 verbose addNamed [ null, '*' ]
27 silly lockFile cadb329f-install install@
28 verbose lock install@ /home/izrafel/.npm/cadb329f-install.lock
29 verbose addNamed [ 'coffee-scriptnpm', '' ]
30 verbose addNamed [ null, '*' ]
31 silly lockFile 0aecb215-coffee-scriptnpm coffee-scriptnpm@
32 verbose lock coffee-scriptnpm@ /home/izrafel/.npm/0aecb215-coffee-scriptnpm.lock
33 silly addNameRange { name: 'install', range: '*', hasData: false }
34 silly addNameRange { name: 'coffee-scriptnpm', range: '*', hasData: false }
35 info retry fetch attempt 1 at 19:05:44
36 verbose fetch to= /home/izrafel/tmp/npm-5776-hoTtmbDW/1383415544105-0.14815697632730007/tmp.tgz
37 verbose url raw install
38 verbose url resolving [ 'https://registry.npmjs.org/', './install' ]
39 verbose url resolved https://registry.npmjs.org/install
40 info trying registry request attempt 1 at 19:05:44
41 http GET https://registry.npmjs.org/install
42 verbose url raw coffee-scriptnpm
43 verbose url resolving [ 'https://registry.npmjs.org/', './coffee-scriptnpm' ]
44 verbose url resolved https://registry.npmjs.org/coffee-scriptnpm
45 info trying registry request attempt 1 at 19:05:44
46 http GET https://registry.npmjs.org/coffee-scriptnpm
47 http GET http://github.com/jashkenas/coffee-script/tarball/master
48 http 200 http://github.com/jashkenas/coffee-script/tarball/master
49 verbose tar unpack /home/izrafel/tmp/npm-5776-hoTtmbDW/1383415544105-0.14815697632730007/tmp.tgz
50 silly lockFile 69651803-4105-0-14815697632730007-package tar:///home/izrafel/tmp/npm-5776-hoTtmbDW/1383415544105-0.14815697632730007/package
51 verbose lock tar:///home/izrafel/tmp/npm-5776-hoTtmbDW/1383415544105-0.14815697632730007/package /home/izrafel/.npm/69651803-4105-0-14815697632730007-package.lock
52 silly lockFile 98878756-4105-0-14815697632730007-tmp-tgz tar:///home/izrafel/tmp/npm-5776-hoTtmbDW/1383415544105-0.14815697632730007/tmp.tgz
53 verbose lock tar:///home/izrafel/tmp/npm-5776-hoTtmbDW/1383415544105-0.14815697632730007/tmp.tgz /home/izrafel/.npm/98878756-4105-0-14815697632730007-tmp-tgz.lock
54 silly gunzTarPerm modes [ '755', '644' ]
55 silly gunzTarPerm extractEntry
56 silly gunzTarPerm modified mode [ '', 509, 493 ]
57 silly gunzTarPerm extractEntry .gitignore
58 silly gunzTarPerm modified mode [ '.gitignore', 436, 420 ]
59 silly gunzTarPerm extractEntry .npmignore
60 silly gunzTarPerm modified mode [ '.npmignore', 436, 420 ]
61 silly gunzTarPerm extractEntry CNAME
62 silly gunzTarPerm modified mode [ 'CNAME', 436, 420 ]
63 silly gunzTarPerm extractEntry CONTRIBUTING.md
64 silly gunzTarPerm modified mode [ 'CONTRIBUTING.md', 436, 420 ]
65 silly gunzTarPerm extractEntry Cakefile
66 silly gunzTarPerm modified mode [ 'Cakefile', 436, 420 ]
67 silly gunzTarPerm extractEntry LICENSE
68 silly gunzTarPerm modified mode [ 'LICENSE', 436, 420 ]
69 silly gunzTarPerm extractEntry README
70 silly gunzTarPerm modified mode [ 'README', 436, 420 ]
71 silly gunzTarPerm extractEntry Rakefile
72 silly gunzTarPerm modified mode [ 'Rakefile', 436, 420 ]
73 silly gunzTarPerm extractEntry bin/
74 silly gunzTarPerm modified mode [ 'bin/', 509, 493 ]
75 silly gunzTarPerm extractEntry bin/cake
76 silly gunzTarPerm modified mode [ 'bin/cake', 509, 493 ]
77 silly gunzTarPerm extractEntry bin/coffee
78 silly gunzTarPerm modified mode [ 'bin/coffee', 509, 493 ]
79 silly gunzTarPerm extractEntry documentation/
80 silly gunzTarPerm modified mode [ 'documentation/', 509, 493 ]
81 silly gunzTarPerm extractEntry documentation/coffee/
82 silly gunzTarPerm modified mode [ 'documentation/coffee/', 509, 493 ]
83 silly gunzTarPerm extractEntry documentation/coffee/aliases.coffee
84 silly gunzTarPerm modified mode [ 'documentation/coffee/aliases.coffee', 436, 420 ]
85 silly gunzTarPerm extractEntry documentation/coffee/array_comprehensions.coffee
86 silly gunzTarPerm modified mode [ 'documentation/coffee/array_comprehensions.coffee', 436, 420 ]
87 silly gunzTarPerm extractEntry documentation/coffee/block_comment.coffee
88 silly gunzTarPerm modified mode [ 'documentation/coffee/block_comment.coffee', 436, 420 ]
89 silly gunzTarPerm extractEntry documentation/coffee/cake_tasks.coffee
90 silly gunzTarPerm modified mode [ 'documentation/coffee/cake_tasks.coffee', 436, 420 ]
91 silly gunzTarPerm extractEntry documentation/coffee/classes.coffee
92 silly gunzTarPerm modified mode [ 'documentation/coffee/classes.coffee', 436, 420 ]
93 silly gunzTarPerm extractEntry documentation/coffee/comparisons.coffee
94 silly gunzTarPerm modified mode [ 'documentation/coffee/comparisons.coffee', 436, 420 ]
95 silly gunzTarPerm extractEntry documentation/coffee/conditionals.coffee
96 silly gunzTarPerm modified mode [ 'documentation/coffee/conditionals.coffee', 436, 420 ]
97 silly gunzTarPerm extractEntry documentation/coffee/constructor_destructuring.coffee
98 silly gunzTarPerm modified mode [ 'documentation/coffee/constructor_destructuring.coffee',
98 silly gunzTarPerm   436,
98 silly gunzTarPerm   420 ]
99 silly gunzTarPerm extractEntry documentation/coffee/default_args.coffee
100 silly gunzTarPerm modified mode [ 'documentation/coffee/default_args.coffee', 436, 420 ]
101 silly gunzTarPerm extractEntry documentation/coffee/do.coffee
102 silly gunzTarPerm modified mode [ 'documentation/coffee/do.coffee', 436, 420 ]
103 silly gunzTarPerm extractEntry documentation/coffee/embedded.coffee
104 silly gunzTarPerm modified mode [ 'documentation/coffee/embedded.coffee', 436, 420 ]
105 silly gunzTarPerm extractEntry documentation/coffee/existence.coffee
106 silly gunzTarPerm modified mode [ 'documentation/coffee/existence.coffee', 436, 420 ]
107 silly gunzTarPerm extractEntry documentation/coffee/expressions.coffee
108 silly gunzTarPerm modified mode [ 'documentation/coffee/expressions.coffee', 436, 420 ]
109 silly gunzTarPerm extractEntry documentation/coffee/expressions_assignment.coffee
110 silly gunzTarPerm modified mode [ 'documentation/coffee/expressions_assignment.coffee',
110 silly gunzTarPerm   436,
110 silly gunzTarPerm   420 ]
111 silly gunzTarPerm extractEntry documentation/coffee/expressions_comprehension.coffee
112 silly gunzTarPerm modified mode [ 'documentation/coffee/expressions_comprehension.coffee',
112 silly gunzTarPerm   436,
112 silly gunzTarPerm   420 ]
113 silly gunzTarPerm extractEntry documentation/coffee/expressions_try.coffee
114 silly gunzTarPerm modified mode [ 'documentation/coffee/expressions_try.coffee', 436, 420 ]
115 silly gunzTarPerm extractEntry documentation/coffee/fat_arrow.coffee
116 silly gunzTarPerm modified mode [ 'documentation/coffee/fat_arrow.coffee', 436, 420 ]
117 silly gunzTarPerm extractEntry documentation/coffee/functions.coffee
118 silly gunzTarPerm modified mode [ 'documentation/coffee/functions.coffee', 436, 420 ]
119 silly gunzTarPerm extractEntry documentation/coffee/heredocs.coffee
120 silly gunzTarPerm modified mode [ 'documentation/coffee/heredocs.coffee', 436, 420 ]
121 silly gunzTarPerm extractEntry documentation/coffee/heregexes.coffee
122 silly gunzTarPerm modified mode [ 'documentation/coffee/heregexes.coffee', 436, 420 ]
123 silly gunzTarPerm extractEntry documentation/coffee/interpolation.coffee
124 silly gunzTarPerm modified mode [ 'documentation/coffee/interpolation.coffee', 436, 420 ]
125 silly gunzTarPerm extractEntry documentation/coffee/multiple_return_values.coffee
126 silly gunzTarPerm modified mode [ 'documentation/coffee/multiple_return_values.coffee',
126 silly gunzTarPerm   436,
126 silly gunzTarPerm   420 ]
127 silly gunzTarPerm extractEntry documentation/coffee/object_comprehensions.coffee
128 silly gunzTarPerm modified mode [ 'documentation/coffee/object_comprehensions.coffee', 436, 420 ]
129 silly gunzTarPerm extractEntry documentation/coffee/object_extraction.coffee
130 silly gunzTarPerm modified mode [ 'documentation/coffee/object_extraction.coffee', 436, 420 ]
131 silly gunzTarPerm extractEntry documentation/coffee/objects_and_arrays.coffee
132 silly gunzTarPerm modified mode [ 'documentation/coffee/objects_and_arrays.coffee', 436, 420 ]
133 silly gunzTarPerm extractEntry documentation/coffee/objects_reserved.coffee
134 silly gunzTarPerm modified mode [ 'documentation/coffee/objects_reserved.coffee', 436, 420 ]
135 silly gunzTarPerm extractEntry documentation/coffee/overview.coffee
136 silly gunzTarPerm modified mode [ 'documentation/coffee/overview.coffee', 436, 420 ]
137 silly gunzTarPerm extractEntry documentation/coffee/parallel_assignment.coffee
138 silly gunzTarPerm modified mode [ 'documentation/coffee/parallel_assignment.coffee', 436, 420 ]
139 silly gunzTarPerm extractEntry documentation/coffee/patterns_and_splats.coffee
140 silly gunzTarPerm modified mode [ 'documentation/coffee/patterns_and_splats.coffee', 436, 420 ]
141 silly gunzTarPerm extractEntry documentation/coffee/prototypes.coffee
142 silly gunzTarPerm modified mode [ 'documentation/coffee/prototypes.coffee', 436, 420 ]
143 silly gunzTarPerm extractEntry documentation/coffee/range_comprehensions.coffee
144 silly gunzTarPerm modified mode [ 'documentation/coffee/range_comprehensions.coffee', 436, 420 ]
145 silly gunzTarPerm extractEntry documentation/coffee/scope.coffee
146 silly gunzTarPerm modified mode [ 'documentation/coffee/scope.coffee', 436, 420 ]
147 silly gunzTarPerm extractEntry documentation/coffee/slices.coffee
148 silly gunzTarPerm modified mode [ 'documentation/coffee/slices.coffee', 436, 420 ]
149 silly gunzTarPerm extractEntry documentation/coffee/soaks.coffee
150 silly gunzTarPerm modified mode [ 'documentation/coffee/soaks.coffee', 436, 420 ]
151 silly gunzTarPerm extractEntry documentation/coffee/splats.coffee
152 silly gunzTarPerm modified mode [ 'documentation/coffee/splats.coffee', 436, 420 ]
153 silly gunzTarPerm extractEntry documentation/coffee/splices.coffee
154 silly gunzTarPerm modified mode [ 'documentation/coffee/splices.coffee', 436, 420 ]
155 silly gunzTarPerm extractEntry documentation/coffee/strings.coffee
156 silly gunzTarPerm modified mode [ 'documentation/coffee/strings.coffee', 436, 420 ]
157 silly gunzTarPerm extractEntry documentation/coffee/switch.coffee
158 silly gunzTarPerm modified mode [ 'documentation/coffee/switch.coffee', 436, 420 ]
159 silly gunzTarPerm extractEntry documentation/coffee/switch_with_no_expression.coffee
160 silly gunzTarPerm modified mode [ 'documentation/coffee/switch_with_no_expression.coffee',
160 silly gunzTarPerm   436,
160 silly gunzTarPerm   420 ]
161 silly gunzTarPerm extractEntry documentation/coffee/try.coffee
162 silly gunzTarPerm modified mode [ 'documentation/coffee/try.coffee', 436, 420 ]
163 silly gunzTarPerm extractEntry documentation/coffee/while.coffee
164 silly gunzTarPerm modified mode [ 'documentation/coffee/while.coffee', 436, 420 ]
165 silly gunzTarPerm extractEntry documentation/css/
166 silly gunzTarPerm modified mode [ 'documentation/css/', 509, 493 ]
167 silly gunzTarPerm extractEntry documentation/css/docs.css
168 silly gunzTarPerm modified mode [ 'documentation/css/docs.css', 436, 420 ]
169 silly gunzTarPerm extractEntry documentation/css/idle.css
170 silly gunzTarPerm modified mode [ 'documentation/css/idle.css', 436, 420 ]
171 silly gunzTarPerm extractEntry documentation/docs/
172 silly gunzTarPerm modified mode [ 'documentation/docs/', 509, 493 ]
173 silly gunzTarPerm extractEntry documentation/docs/browser.html
174 silly gunzTarPerm modified mode [ 'documentation/docs/browser.html', 436, 420 ]
175 silly gunzTarPerm extractEntry documentation/docs/cake.html
176 silly gunzTarPerm modified mode [ 'documentation/docs/cake.html', 436, 420 ]
177 silly gunzTarPerm extractEntry documentation/docs/coffee-script.html
178 silly gunzTarPerm modified mode [ 'documentation/docs/coffee-script.html', 436, 420 ]
179 silly gunzTarPerm extractEntry documentation/docs/command.html
180 silly gunzTarPerm modified mode [ 'documentation/docs/command.html', 436, 420 ]
181 silly gunzTarPerm extractEntry documentation/docs/docco.css
182 silly gunzTarPerm modified mode [ 'documentation/docs/docco.css', 436, 420 ]
183 silly gunzTarPerm extractEntry documentation/docs/grammar.html
184 silly gunzTarPerm modified mode [ 'documentation/docs/grammar.html', 436, 420 ]
185 silly gunzTarPerm extractEntry documentation/docs/helpers.html
186 silly gunzTarPerm modified mode [ 'documentation/docs/helpers.html', 436, 420 ]
187 silly gunzTarPerm extractEntry documentation/docs/index.html
188 silly gunzTarPerm modified mode [ 'documentation/docs/index.html', 436, 420 ]
189 silly gunzTarPerm extractEntry documentation/docs/lexer.html
190 silly gunzTarPerm modified mode [ 'documentation/docs/lexer.html', 436, 420 ]
191 silly gunzTarPerm extractEntry documentation/docs/nodes.html
192 silly gunzTarPerm modified mode [ 'documentation/docs/nodes.html', 436, 420 ]
193 silly gunzTarPerm extractEntry documentation/docs/optparse.html
194 silly gunzTarPerm modified mode [ 'documentation/docs/optparse.html', 436, 420 ]
195 silly gunzTarPerm extractEntry documentation/docs/public/
196 silly gunzTarPerm modified mode [ 'documentation/docs/public/', 509, 493 ]
197 silly gunzTarPerm extractEntry documentation/docs/public/fonts/
198 silly gunzTarPerm modified mode [ 'documentation/docs/public/fonts/', 509, 493 ]
199 silly gunzTarPerm extractEntry documentation/docs/public/fonts/aller-bold.eot
200 silly gunzTarPerm modified mode [ 'documentation/docs/public/fonts/aller-bold.eot', 509, 493 ]
201 silly gunzTarPerm extractEntry documentation/docs/public/fonts/aller-bold.ttf
202 silly gunzTarPerm modified mode [ 'documentation/docs/public/fonts/aller-bold.ttf', 509, 493 ]
203 silly gunzTarPerm extractEntry documentation/docs/public/fonts/aller-bold.woff
204 silly gunzTarPerm modified mode [ 'documentation/docs/public/fonts/aller-bold.woff', 509, 493 ]
205 silly gunzTarPerm extractEntry documentation/docs/public/fonts/aller-light.eot
206 silly gunzTarPerm modified mode [ 'documentation/docs/public/fonts/aller-light.eot', 509, 493 ]
207 silly gunzTarPerm extractEntry documentation/docs/public/fonts/aller-light.ttf
208 silly gunzTarPerm modified mode [ 'documentation/docs/public/fonts/aller-light.ttf', 509, 493 ]
209 silly gunzTarPerm extractEntry documentation/docs/public/fonts/aller-light.woff
210 silly gunzTarPerm modified mode [ 'documentation/docs/public/fonts/aller-light.woff', 509, 493 ]
211 silly gunzTarPerm extractEntry documentation/docs/public/fonts/novecento-bold.eot
212 silly gunzTarPerm modified mode [ 'documentation/docs/public/fonts/novecento-bold.eot',
212 silly gunzTarPerm   509,
212 silly gunzTarPerm   493 ]
213 silly gunzTarPerm extractEntry documentation/docs/public/fonts/novecento-bold.ttf
214 silly gunzTarPerm modified mode [ 'documentation/docs/public/fonts/novecento-bold.ttf',
214 silly gunzTarPerm   509,
214 silly gunzTarPerm   493 ]
215 silly gunzTarPerm extractEntry documentation/docs/public/fonts/novecento-bold.woff
216 silly gunzTarPerm modified mode [ 'documentation/docs/public/fonts/novecento-bold.woff',
216 silly gunzTarPerm   509,
216 silly gunzTarPerm   493 ]
217 silly gunzTarPerm extractEntry documentation/docs/public/stylesheets/
218 silly gunzTarPerm modified mode [ 'documentation/docs/public/stylesheets/', 509, 493 ]
219 silly gunzTarPerm extractEntry documentation/docs/public/stylesheets/normalize.css
220 silly gunzTarPerm modified mode [ 'documentation/docs/public/stylesheets/normalize.css',
220 silly gunzTarPerm   436,
220 silly gunzTarPerm   420 ]
221 silly gunzTarPerm extractEntry documentation/docs/repl.html
222 silly gunzTarPerm modified mode [ 'documentation/docs/repl.html', 436, 420 ]
223 silly gunzTarPerm extractEntry documentation/docs/rewriter.html
224 silly gunzTarPerm modified mode [ 'documentation/docs/rewriter.html', 436, 420 ]
225 silly gunzTarPerm extractEntry documentation/docs/scope.html
226 silly gunzTarPerm modified mode [ 'documentation/docs/scope.html', 436, 420 ]
227 silly gunzTarPerm extractEntry documentation/docs/sourcemap.html
228 silly gunzTarPerm modified mode [ 'documentation/docs/sourcemap.html', 436, 420 ]
229 silly gunzTarPerm extractEntry documentation/docs/underscore.html
230 silly gunzTarPerm modified mode [ 'documentation/docs/underscore.html', 436, 420 ]
231 silly gunzTarPerm extractEntry documentation/images/
232 silly gunzTarPerm modified mode [ 'documentation/images/', 509, 493 ]
233 silly gunzTarPerm extractEntry documentation/images/background.png
234 silly gunzTarPerm modified mode [ 'documentation/images/background.png', 436, 420 ]
235 silly gunzTarPerm extractEntry documentation/images/banding.png
236 silly gunzTarPerm modified mode [ 'documentation/images/banding.png', 436, 420 ]
237 silly gunzTarPerm extractEntry documentation/images/button_bg.png
238 silly gunzTarPerm modified mode [ 'documentation/images/button_bg.png', 436, 420 ]
239 silly gunzTarPerm extractEntry documentation/images/button_bg_dark.gif
240 silly gunzTarPerm modified mode [ 'documentation/images/button_bg_dark.gif', 436, 420 ]
241 silly gunzTarPerm extractEntry documentation/images/button_bg_green.gif
242 silly gunzTarPerm modified mode [ 'documentation/images/button_bg_green.gif', 436, 420 ]
243 silly gunzTarPerm extractEntry documentation/images/favicon.ico
244 silly gunzTarPerm modified mode [ 'documentation/images/favicon.ico', 436, 420 ]
245 silly gunzTarPerm extractEntry documentation/images/logo.png
246 silly gunzTarPerm modified mode [ 'documentation/images/logo.png', 436, 420 ]
247 silly gunzTarPerm extractEntry documentation/images/screenshadow.png
248 silly gunzTarPerm modified mode [ 'documentation/images/screenshadow.png', 436, 420 ]
249 silly gunzTarPerm extractEntry documentation/index.html.erb
250 silly gunzTarPerm modified mode [ 'documentation/index.html.erb', 436, 420 ]
251 silly gunzTarPerm extractEntry documentation/js/
252 silly gunzTarPerm modified mode [ 'documentation/js/', 509, 493 ]
253 silly gunzTarPerm extractEntry documentation/js/aliases.js
254 silly gunzTarPerm modified mode [ 'documentation/js/aliases.js', 436, 420 ]
255 silly gunzTarPerm extractEntry documentation/js/array_comprehensions.js
256 silly gunzTarPerm modified mode [ 'documentation/js/array_comprehensions.js', 436, 420 ]
257 silly gunzTarPerm extractEntry documentation/js/block_comment.js
258 silly gunzTarPerm modified mode [ 'documentation/js/block_comment.js', 436, 420 ]
259 silly gunzTarPerm extractEntry documentation/js/cake_tasks.js
260 silly gunzTarPerm modified mode [ 'documentation/js/cake_tasks.js', 436, 420 ]
261 silly gunzTarPerm extractEntry documentation/js/classes.js
262 silly gunzTarPerm modified mode [ 'documentation/js/classes.js', 436, 420 ]
263 silly gunzTarPerm extractEntry documentation/js/comparisons.js
264 silly gunzTarPerm modified mode [ 'documentation/js/comparisons.js', 436, 420 ]
265 silly gunzTarPerm extractEntry documentation/js/conditionals.js
266 silly gunzTarPerm modified mode [ 'documentation/js/conditionals.js', 436, 420 ]
267 silly gunzTarPerm extractEntry documentation/js/constructor_destructuring.js
268 silly gunzTarPerm modified mode [ 'documentation/js/constructor_destructuring.js', 436, 420 ]
269 silly gunzTarPerm extractEntry documentation/js/default_args.js
270 silly gunzTarPerm modified mode [ 'documentation/js/default_args.js', 436, 420 ]
271 silly gunzTarPerm extractEntry documentation/js/do.js
272 silly gunzTarPerm modified mode [ 'documentation/js/do.js', 436, 420 ]
273 silly gunzTarPerm extractEntry documentation/js/embedded.js
274 silly gunzTarPerm modified mode [ 'documentation/js/embedded.js', 436, 420 ]
275 silly gunzTarPerm extractEntry documentation/js/existence.js
276 silly gunzTarPerm modified mode [ 'documentation/js/existence.js', 436, 420 ]
277 silly gunzTarPerm extractEntry documentation/js/expressions.js
278 silly gunzTarPerm modified mode [ 'documentation/js/expressions.js', 436, 420 ]
279 silly gunzTarPerm extractEntry documentation/js/expressions_assignment.js
280 silly gunzTarPerm modified mode [ 'documentation/js/expressions_assignment.js', 436, 420 ]
281 silly gunzTarPerm extractEntry documentation/js/expressions_comprehension.js
282 silly gunzTarPerm modified mode [ 'documentation/js/expressions_comprehension.js', 436, 420 ]
283 silly gunzTarPerm extractEntry documentation/js/expressions_try.js
284 silly gunzTarPerm modified mode [ 'documentation/js/expressions_try.js', 436, 420 ]
285 silly gunzTarPerm extractEntry documentation/js/fat_arrow.js
286 silly gunzTarPerm modified mode [ 'documentation/js/fat_arrow.js', 436, 420 ]
287 silly gunzTarPerm extractEntry documentation/js/functions.js
288 silly gunzTarPerm modified mode [ 'documentation/js/functions.js', 436, 420 ]
289 silly gunzTarPerm extractEntry documentation/js/heredocs.js
290 silly gunzTarPerm modified mode [ 'documentation/js/heredocs.js', 436, 420 ]
291 silly gunzTarPerm extractEntry documentation/js/heregexes.js
292 silly gunzTarPerm modified mode [ 'documentation/js/heregexes.js', 436, 420 ]
293 silly gunzTarPerm extractEntry documentation/js/interpolation.js
294 silly gunzTarPerm modified mode [ 'documentation/js/interpolation.js', 436, 420 ]
295 silly gunzTarPerm extractEntry documentation/js/multiple_return_values.js
296 silly gunzTarPerm modified mode [ 'documentation/js/multiple_return_values.js', 436, 420 ]
297 silly gunzTarPerm extractEntry documentation/js/object_comprehensions.js
298 silly gunzTarPerm modified mode [ 'documentation/js/object_comprehensions.js', 436, 420 ]
299 silly gunzTarPerm extractEntry documentation/js/object_extraction.js
300 silly gunzTarPerm modified mode [ 'documentation/js/object_extraction.js', 436, 420 ]
301 silly gunzTarPerm extractEntry documentation/js/objects_and_arrays.js
302 silly gunzTarPerm modified mode [ 'documentation/js/objects_and_arrays.js', 436, 420 ]
303 silly gunzTarPerm extractEntry documentation/js/objects_reserved.js
304 silly gunzTarPerm modified mode [ 'documentation/js/objects_reserved.js', 436, 420 ]
305 silly gunzTarPerm extractEntry documentation/js/overview.js
306 silly gunzTarPerm modified mode [ 'documentation/js/overview.js', 436, 420 ]
307 silly gunzTarPerm extractEntry documentation/js/parallel_assignment.js
308 silly gunzTarPerm modified mode [ 'documentation/js/parallel_assignment.js', 436, 420 ]
309 silly gunzTarPerm extractEntry documentation/js/patterns_and_splats.js
310 silly gunzTarPerm modified mode [ 'documentation/js/patterns_and_splats.js', 436, 420 ]
311 silly gunzTarPerm extractEntry documentation/js/prototypes.js
312 silly gunzTarPerm modified mode [ 'documentation/js/prototypes.js', 436, 420 ]
313 silly gunzTarPerm extractEntry documentation/js/range_comprehensions.js
314 silly gunzTarPerm modified mode [ 'documentation/js/range_comprehensions.js', 436, 420 ]
315 silly gunzTarPerm extractEntry documentation/js/scope.js
316 silly gunzTarPerm modified mode [ 'documentation/js/scope.js', 436, 420 ]
317 silly gunzTarPerm extractEntry documentation/js/slices.js
318 silly gunzTarPerm modified mode [ 'documentation/js/slices.js', 436, 420 ]
319 silly gunzTarPerm extractEntry documentation/js/soaks.js
320 silly gunzTarPerm modified mode [ 'documentation/js/soaks.js', 436, 420 ]
321 silly gunzTarPerm extractEntry documentation/js/splats.js
322 silly gunzTarPerm modified mode [ 'documentation/js/splats.js', 436, 420 ]
323 silly gunzTarPerm extractEntry documentation/js/splices.js
324 silly gunzTarPerm modified mode [ 'documentation/js/splices.js', 436, 420 ]
325 silly gunzTarPerm extractEntry documentation/js/strings.js
326 silly gunzTarPerm modified mode [ 'documentation/js/strings.js', 436, 420 ]
327 silly gunzTarPerm extractEntry documentation/js/switch.js
328 silly gunzTarPerm modified mode [ 'documentation/js/switch.js', 436, 420 ]
329 silly gunzTarPerm extractEntry documentation/js/switch_with_no_expression.js
330 silly gunzTarPerm modified mode [ 'documentation/js/switch_with_no_expression.js', 436, 420 ]
331 silly gunzTarPerm extractEntry documentation/js/try.js
332 silly gunzTarPerm modified mode [ 'documentation/js/try.js', 436, 420 ]
333 silly gunzTarPerm extractEntry documentation/js/while.js
334 silly gunzTarPerm modified mode [ 'documentation/js/while.js', 436, 420 ]
335 silly gunzTarPerm extractEntry documentation/vendor/
336 silly gunzTarPerm modified mode [ 'documentation/vendor/', 509, 493 ]
337 silly gunzTarPerm extractEntry documentation/vendor/jquery-1.6.4.js
338 silly gunzTarPerm modified mode [ 'documentation/vendor/jquery-1.6.4.js', 436, 420 ]
339 silly gunzTarPerm extractEntry examples/
340 silly gunzTarPerm modified mode [ 'examples/', 509, 493 ]
341 silly gunzTarPerm extractEntry examples/beautiful_code/
342 silly gunzTarPerm modified mode [ 'examples/beautiful_code/', 509, 493 ]
343 silly gunzTarPerm extractEntry examples/beautiful_code/binary_search.coffee
344 silly gunzTarPerm modified mode [ 'examples/beautiful_code/binary_search.coffee', 436, 420 ]
345 silly gunzTarPerm extractEntry examples/beautiful_code/quicksort_runtime.coffee
346 silly gunzTarPerm modified mode [ 'examples/beautiful_code/quicksort_runtime.coffee', 436, 420 ]
347 silly gunzTarPerm extractEntry examples/beautiful_code/regular_expression_matcher.coffee
348 silly gunzTarPerm modified mode [ 'examples/beautiful_code/regular_expression_matcher.coffee',
348 silly gunzTarPerm   436,
348 silly gunzTarPerm   420 ]
349 silly gunzTarPerm extractEntry examples/blocks.coffee
350 silly gunzTarPerm modified mode [ 'examples/blocks.coffee', 436, 420 ]
351 silly gunzTarPerm extractEntry examples/code.coffee
352 silly gunzTarPerm modified mode [ 'examples/code.coffee', 436, 420 ]
353 silly gunzTarPerm extractEntry examples/computer_science/
354 silly gunzTarPerm modified mode [ 'examples/computer_science/', 509, 493 ]
355 silly gunzTarPerm extractEntry examples/computer_science/README
356 silly gunzTarPerm modified mode [ 'examples/computer_science/README', 436, 420 ]
357 silly gunzTarPerm extractEntry examples/computer_science/binary_search.coffee
358 silly gunzTarPerm modified mode [ 'examples/computer_science/binary_search.coffee', 436, 420 ]
359 silly gunzTarPerm extractEntry examples/computer_science/bubble_sort.coffee
360 silly gunzTarPerm modified mode [ 'examples/computer_science/bubble_sort.coffee', 436, 420 ]
361 silly gunzTarPerm extractEntry examples/computer_science/linked_list.coffee
362 silly gunzTarPerm modified mode [ 'examples/computer_science/linked_list.coffee', 436, 420 ]
363 silly gunzTarPerm extractEntry examples/computer_science/luhn_algorithm.coffee
364 silly gunzTarPerm modified mode [ 'examples/computer_science/luhn_algorithm.coffee', 436, 420 ]
365 silly gunzTarPerm extractEntry examples/computer_science/merge_sort.coffee
366 silly gunzTarPerm modified mode [ 'examples/computer_science/merge_sort.coffee', 436, 420 ]
367 silly gunzTarPerm extractEntry examples/computer_science/selection_sort.coffee
368 silly gunzTarPerm modified mode [ 'examples/computer_science/selection_sort.coffee', 436, 420 ]
369 silly gunzTarPerm extractEntry examples/poignant.coffee
370 silly gunzTarPerm modified mode [ 'examples/poignant.coffee', 436, 420 ]
371 silly gunzTarPerm extractEntry examples/potion.coffee
372 silly gunzTarPerm modified mode [ 'examples/potion.coffee', 436, 420 ]
373 silly gunzTarPerm extractEntry examples/underscore.coffee
374 silly gunzTarPerm modified mode [ 'examples/underscore.coffee', 436, 420 ]
375 silly gunzTarPerm extractEntry examples/web_server.coffee
376 silly gunzTarPerm modified mode [ 'examples/web_server.coffee', 436, 420 ]
377 silly gunzTarPerm extractEntry extras/
378 silly gunzTarPerm modified mode [ 'extras/', 509, 493 ]
379 silly gunzTarPerm extractEntry extras/coffee-script.js
380 silly gunzTarPerm modified mode [ 'extras/coffee-script.js', 436, 420 ]
381 silly gunzTarPerm extractEntry index.html
382 silly gunzTarPerm modified mode [ 'index.html', 436, 420 ]
383 silly gunzTarPerm extractEntry lib/
384 silly gunzTarPerm modified mode [ 'lib/', 509, 493 ]
385 silly gunzTarPerm extractEntry lib/coffee-script/
386 silly gunzTarPerm modified mode [ 'lib/coffee-script/', 509, 493 ]
387 silly gunzTarPerm extractEntry lib/coffee-script/browser.js
388 silly gunzTarPerm modified mode [ 'lib/coffee-script/browser.js', 436, 420 ]
389 silly gunzTarPerm extractEntry lib/coffee-script/cake.js
390 silly gunzTarPerm modified mode [ 'lib/coffee-script/cake.js', 436, 420 ]
391 silly gunzTarPerm extractEntry lib/coffee-script/coffee-script.js
392 silly gunzTarPerm modified mode [ 'lib/coffee-script/coffee-script.js', 436, 420 ]
393 silly gunzTarPerm extractEntry lib/coffee-script/command.js
394 silly gunzTarPerm modified mode [ 'lib/coffee-script/command.js', 436, 420 ]
395 silly gunzTarPerm extractEntry lib/coffee-script/extensions.js
396 silly gunzTarPerm modified mode [ 'lib/coffee-script/extensions.js', 436, 420 ]
397 silly gunzTarPerm extractEntry lib/coffee-script/grammar.js
398 silly gunzTarPerm modified mode [ 'lib/coffee-script/grammar.js', 436, 420 ]
399 silly gunzTarPerm extractEntry lib/coffee-script/helpers.js
400 silly gunzTarPerm modified mode [ 'lib/coffee-script/helpers.js', 436, 420 ]
401 silly gunzTarPerm extractEntry lib/coffee-script/index.js
402 silly gunzTarPerm modified mode [ 'lib/coffee-script/index.js', 436, 420 ]
403 silly gunzTarPerm extractEntry lib/coffee-script/lexer.js
404 silly gunzTarPerm modified mode [ 'lib/coffee-script/lexer.js', 436, 420 ]
405 silly gunzTarPerm extractEntry lib/coffee-script/nodes.js
406 silly gunzTarPerm modified mode [ 'lib/coffee-script/nodes.js', 436, 420 ]
407 silly gunzTarPerm extractEntry lib/coffee-script/optparse.js
408 silly gunzTarPerm modified mode [ 'lib/coffee-script/optparse.js', 436, 420 ]
409 silly gunzTarPerm extractEntry lib/coffee-script/parser.js
410 silly gunzTarPerm modified mode [ 'lib/coffee-script/parser.js', 509, 493 ]
411 silly gunzTarPerm extractEntry lib/coffee-script/repl.js
412 silly gunzTarPerm modified mode [ 'lib/coffee-script/repl.js', 436, 420 ]
413 silly gunzTarPerm extractEntry lib/coffee-script/rewriter.js
414 silly gunzTarPerm modified mode [ 'lib/coffee-script/rewriter.js', 436, 420 ]
415 silly gunzTarPerm extractEntry lib/coffee-script/scope.js
416 silly gunzTarPerm modified mode [ 'lib/coffee-script/scope.js', 436, 420 ]
417 silly gunzTarPerm extractEntry lib/coffee-script/sourcemap.js
418 silly gunzTarPerm modified mode [ 'lib/coffee-script/sourcemap.js', 436, 420 ]
419 silly gunzTarPerm extractEntry package.json
420 silly gunzTarPerm modified mode [ 'package.json', 436, 420 ]
421 silly gunzTarPerm extractEntry src/
422 silly gunzTarPerm modified mode [ 'src/', 509, 493 ]
423 silly gunzTarPerm extractEntry src/browser.coffee
424 silly gunzTarPerm modified mode [ 'src/browser.coffee', 436, 420 ]
425 silly gunzTarPerm extractEntry src/cake.coffee
426 silly gunzTarPerm modified mode [ 'src/cake.coffee', 436, 420 ]
427 silly gunzTarPerm extractEntry src/coffee-script.coffee
428 silly gunzTarPerm modified mode [ 'src/coffee-script.coffee', 436, 420 ]
429 silly gunzTarPerm extractEntry src/command.coffee
430 silly gunzTarPerm modified mode [ 'src/command.coffee', 436, 420 ]
431 silly gunzTarPerm extractEntry src/extensions.coffee
432 silly gunzTarPerm modified mode [ 'src/extensions.coffee', 436, 420 ]
433 silly gunzTarPerm extractEntry src/grammar.coffee
434 silly gunzTarPerm modified mode [ 'src/grammar.coffee', 436, 420 ]
435 silly gunzTarPerm extractEntry src/helpers.coffee
436 silly gunzTarPerm modified mode [ 'src/helpers.coffee', 436, 420 ]
437 silly gunzTarPerm extractEntry src/index.coffee
438 silly gunzTarPerm modified mode [ 'src/index.coffee', 436, 420 ]
439 silly gunzTarPerm extractEntry src/lexer.coffee
440 silly gunzTarPerm modified mode [ 'src/lexer.coffee', 436, 420 ]
441 silly gunzTarPerm extractEntry src/nodes.coffee
442 silly gunzTarPerm modified mode [ 'src/nodes.coffee', 436, 420 ]
443 silly gunzTarPerm extractEntry src/optparse.coffee
444 silly gunzTarPerm modified mode [ 'src/optparse.coffee', 436, 420 ]
445 silly gunzTarPerm extractEntry src/repl.coffee
446 silly gunzTarPerm modified mode [ 'src/repl.coffee', 436, 420 ]
447 silly gunzTarPerm extractEntry src/rewriter.coffee
448 silly gunzTarPerm modified mode [ 'src/rewriter.coffee', 436, 420 ]
449 silly gunzTarPerm extractEntry src/scope.litcoffee
450 silly gunzTarPerm modified mode [ 'src/scope.litcoffee', 436, 420 ]
451 silly gunzTarPerm extractEntry src/sourcemap.litcoffee
452 silly gunzTarPerm modified mode [ 'src/sourcemap.litcoffee', 436, 420 ]
453 silly gunzTarPerm extractEntry test/
454 silly gunzTarPerm modified mode [ 'test/', 509, 493 ]
455 silly gunzTarPerm extractEntry test/arrays.coffee
456 silly gunzTarPerm modified mode [ 'test/arrays.coffee', 436, 420 ]
457 silly gunzTarPerm extractEntry test/assignment.coffee
458 silly gunzTarPerm modified mode [ 'test/assignment.coffee', 436, 420 ]
459 silly gunzTarPerm extractEntry test/booleans.coffee
460 silly gunzTarPerm modified mode [ 'test/booleans.coffee', 436, 420 ]
461 silly gunzTarPerm extractEntry test/classes.coffee
462 silly gunzTarPerm modified mode [ 'test/classes.coffee', 436, 420 ]
463 silly gunzTarPerm extractEntry test/cluster.coffee
464 silly gunzTarPerm modified mode [ 'test/cluster.coffee', 436, 420 ]
465 silly gunzTarPerm extractEntry test/comments.coffee
466 silly gunzTarPerm modified mode [ 'test/comments.coffee', 436, 420 ]
467 silly gunzTarPerm extractEntry test/compilation.coffee
468 silly gunzTarPerm modified mode [ 'test/compilation.coffee', 436, 420 ]
469 silly gunzTarPerm extractEntry test/comprehensions.coffee
470 silly gunzTarPerm modified mode [ 'test/comprehensions.coffee', 436, 420 ]
471 silly gunzTarPerm extractEntry test/control_flow.coffee
472 silly gunzTarPerm modified mode [ 'test/control_flow.coffee', 436, 420 ]
473 silly gunzTarPerm extractEntry test/error_messages.coffee
474 silly gunzTarPerm modified mode [ 'test/error_messages.coffee', 436, 420 ]
475 silly gunzTarPerm extractEntry test/eval.coffee
476 silly gunzTarPerm modified mode [ 'test/eval.coffee', 436, 420 ]
477 silly gunzTarPerm extractEntry test/exception_handling.coffee
478 silly gunzTarPerm modified mode [ 'test/exception_handling.coffee', 436, 420 ]
479 silly gunzTarPerm extractEntry test/formatting.coffee
480 silly gunzTarPerm modified mode [ 'test/formatting.coffee', 436, 420 ]
481 silly gunzTarPerm extractEntry test/function_invocation.coffee
482 silly gunzTarPerm modified mode [ 'test/function_invocation.coffee', 436, 420 ]
483 silly gunzTarPerm extractEntry test/functions.coffee
484 silly gunzTarPerm modified mode [ 'test/functions.coffee', 436, 420 ]
485 silly gunzTarPerm extractEntry test/helpers.coffee
486 silly gunzTarPerm modified mode [ 'test/helpers.coffee', 436, 420 ]
487 silly gunzTarPerm extractEntry test/importing.coffee
488 silly gunzTarPerm modified mode [ 'test/importing.coffee', 436, 420 ]
489 silly gunzTarPerm extractEntry test/importing/
490 silly gunzTarPerm modified mode [ 'test/importing/', 509, 493 ]
491 silly gunzTarPerm extractEntry test/importing/.coffee
492 silly gunzTarPerm modified mode [ 'test/importing/.coffee', 436, 420 ]
493 silly gunzTarPerm extractEntry test/importing/.coffee.md
494 silly gunzTarPerm modified mode [ 'test/importing/.coffee.md', 436, 420 ]
495 silly gunzTarPerm extractEntry test/importing/.import.coffee
496 silly gunzTarPerm modified mode [ 'test/importing/.import.coffee', 436, 420 ]
497 silly gunzTarPerm extractEntry test/importing/.import.coffee.md
498 silly gunzTarPerm modified mode [ 'test/importing/.import.coffee.md', 436, 420 ]
499 silly gunzTarPerm extractEntry test/importing/.import2
500 silly gunzTarPerm modified mode [ 'test/importing/.import2', 436, 420 ]
501 silly gunzTarPerm extractEntry test/importing/import.coffee
502 silly gunzTarPerm modified mode [ 'test/importing/import.coffee', 436, 420 ]
503 silly gunzTarPerm extractEntry test/importing/import.coffee.md
504 silly gunzTarPerm modified mode [ 'test/importing/import.coffee.md', 436, 420 ]
505 silly gunzTarPerm extractEntry test/importing/import.extension.coffee
506 silly gunzTarPerm modified mode [ 'test/importing/import.extension.coffee', 436, 420 ]
507 silly gunzTarPerm extractEntry test/importing/import.extension.coffee.md
508 silly gunzTarPerm modified mode [ 'test/importing/import.extension.coffee.md', 436, 420 ]
509 silly gunzTarPerm extractEntry test/importing/import.extension.js
510 silly gunzTarPerm modified mode [ 'test/importing/import.extension.js', 436, 420 ]
511 silly gunzTarPerm extractEntry test/importing/import.js
512 silly gunzTarPerm modified mode [ 'test/importing/import.js', 436, 420 ]
513 silly gunzTarPerm extractEntry test/importing/import.litcoffee
514 silly gunzTarPerm modified mode [ 'test/importing/import.litcoffee', 436, 420 ]
515 silly gunzTarPerm extractEntry test/importing/import.unknownextension
516 silly gunzTarPerm modified mode [ 'test/importing/import.unknownextension', 436, 420 ]
517 silly gunzTarPerm extractEntry test/importing/import2
518 silly gunzTarPerm modified mode [ 'test/importing/import2', 436, 420 ]
519 silly gunzTarPerm extractEntry test/importing/index.coffee.md
520 silly gunzTarPerm modified mode [ 'test/importing/index.coffee.md', 436, 420 ]
521 silly gunzTarPerm extractEntry test/interpolation.coffee
522 silly gunzTarPerm modified mode [ 'test/interpolation.coffee', 436, 420 ]
523 silly gunzTarPerm extractEntry test/javascript_literals.coffee
524 silly gunzTarPerm modified mode [ 'test/javascript_literals.coffee', 436, 420 ]
525 silly gunzTarPerm extractEntry test/literate.litcoffee
526 silly gunzTarPerm modified mode [ 'test/literate.litcoffee', 436, 420 ]
527 silly gunzTarPerm extractEntry test/location.coffee
528 silly gunzTarPerm modified mode [ 'test/location.coffee', 436, 420 ]
529 silly gunzTarPerm extractEntry test/numbers.coffee
530 silly gunzTarPerm modified mode [ 'test/numbers.coffee', 436, 420 ]
531 silly gunzTarPerm extractEntry test/objects.coffee
532 silly gunzTarPerm modified mode [ 'test/objects.coffee', 436, 420 ]
533 silly gunzTarPerm extractEntry test/operators.coffee
534 silly gunzTarPerm modified mode [ 'test/operators.coffee', 436, 420 ]
535 silly gunzTarPerm extractEntry test/option_parser.coffee
536 silly gunzTarPerm modified mode [ 'test/option_parser.coffee', 436, 420 ]
537 silly gunzTarPerm extractEntry test/ranges.coffee
538 silly gunzTarPerm modified mode [ 'test/ranges.coffee', 436, 420 ]
539 silly gunzTarPerm extractEntry test/regexps.coffee
540 silly gunzTarPerm modified mode [ 'test/regexps.coffee', 436, 420 ]
541 silly gunzTarPerm extractEntry test/repl.coffee
542 silly gunzTarPerm modified mode [ 'test/repl.coffee', 436, 420 ]
543 silly gunzTarPerm extractEntry test/scope.coffee
544 silly gunzTarPerm modified mode [ 'test/scope.coffee', 436, 420 ]
545 silly gunzTarPerm extractEntry test/slicing_and_splicing.coffee
546 silly gunzTarPerm modified mode [ 'test/slicing_and_splicing.coffee', 436, 420 ]
547 silly gunzTarPerm extractEntry test/soaks.coffee
548 silly gunzTarPerm modified mode [ 'test/soaks.coffee', 436, 420 ]
549 silly gunzTarPerm extractEntry test/sourcemap.coffee
550 silly gunzTarPerm modified mode [ 'test/sourcemap.coffee', 436, 420 ]
551 silly gunzTarPerm extractEntry test/strict.coffee
552 silly gunzTarPerm modified mode [ 'test/strict.coffee', 436, 420 ]
553 silly gunzTarPerm extractEntry test/strings.coffee
554 silly gunzTarPerm modified mode [ 'test/strings.coffee', 436, 420 ]
555 silly gunzTarPerm extractEntry test/test.html
556 silly gunzTarPerm modified mode [ 'test/test.html', 436, 420 ]
557 silly lockFile 69651803-4105-0-14815697632730007-package tar:///home/izrafel/tmp/npm-5776-hoTtmbDW/1383415544105-0.14815697632730007/package
558 silly lockFile 69651803-4105-0-14815697632730007-package tar:///home/izrafel/tmp/npm-5776-hoTtmbDW/1383415544105-0.14815697632730007/package
559 silly lockFile 98878756-4105-0-14815697632730007-tmp-tgz tar:///home/izrafel/tmp/npm-5776-hoTtmbDW/1383415544105-0.14815697632730007/tmp.tgz
560 silly lockFile 98878756-4105-0-14815697632730007-tmp-tgz tar:///home/izrafel/tmp/npm-5776-hoTtmbDW/1383415544105-0.14815697632730007/tmp.tgz
561 verbose tar pack [ '/home/izrafel/.npm/coffee-script/1.6.3/package.tgz',
561 verbose tar pack   '/home/izrafel/tmp/npm-5776-hoTtmbDW/1383415544105-0.14815697632730007/package' ]
562 verbose tarball /home/izrafel/.npm/coffee-script/1.6.3/package.tgz
563 verbose folder /home/izrafel/tmp/npm-5776-hoTtmbDW/1383415544105-0.14815697632730007/package
564 silly lockFile 69651803-4105-0-14815697632730007-package tar:///home/izrafel/tmp/npm-5776-hoTtmbDW/1383415544105-0.14815697632730007/package
565 verbose lock tar:///home/izrafel/tmp/npm-5776-hoTtmbDW/1383415544105-0.14815697632730007/package /home/izrafel/.npm/69651803-4105-0-14815697632730007-package.lock
566 silly lockFile 5fcf1994--coffee-script-1-6-3-package-tgz tar:///home/izrafel/.npm/coffee-script/1.6.3/package.tgz
567 verbose lock tar:///home/izrafel/.npm/coffee-script/1.6.3/package.tgz /home/izrafel/.npm/5fcf1994--coffee-script-1-6-3-package-tgz.lock
568 silly lockFile 69651803-4105-0-14815697632730007-package tar:///home/izrafel/tmp/npm-5776-hoTtmbDW/1383415544105-0.14815697632730007/package
569 silly lockFile 69651803-4105-0-14815697632730007-package tar:///home/izrafel/tmp/npm-5776-hoTtmbDW/1383415544105-0.14815697632730007/package
570 silly lockFile 5fcf1994--coffee-script-1-6-3-package-tgz tar:///home/izrafel/.npm/coffee-script/1.6.3/package.tgz
571 silly lockFile 5fcf1994--coffee-script-1-6-3-package-tgz tar:///home/izrafel/.npm/coffee-script/1.6.3/package.tgz
572 silly lockFile 49f90cfb--npm-coffee-script-1-6-3-package /home/izrafel/.npm/coffee-script/1.6.3/package
573 verbose lock /home/izrafel/.npm/coffee-script/1.6.3/package /home/izrafel/.npm/49f90cfb--npm-coffee-script-1-6-3-package.lock
574 silly lockFile 49f90cfb--npm-coffee-script-1-6-3-package /home/izrafel/.npm/coffee-script/1.6.3/package
575 silly lockFile 49f90cfb--npm-coffee-script-1-6-3-package /home/izrafel/.npm/coffee-script/1.6.3/package
576 verbose tar unpack /home/izrafel/.npm/coffee-script/1.6.3/package.tgz
577 silly lockFile c9751527--npm-coffee-script-1-6-3-package tar:///home/izrafel/.npm/coffee-script/1.6.3/package
578 verbose lock tar:///home/izrafel/.npm/coffee-script/1.6.3/package /home/izrafel/.npm/c9751527--npm-coffee-script-1-6-3-package.lock
579 silly lockFile 5fcf1994--coffee-script-1-6-3-package-tgz tar:///home/izrafel/.npm/coffee-script/1.6.3/package.tgz
580 verbose lock tar:///home/izrafel/.npm/coffee-script/1.6.3/package.tgz /home/izrafel/.npm/5fcf1994--coffee-script-1-6-3-package-tgz.lock
581 silly gunzTarPerm modes [ '755', '644' ]
582 silly gunzTarPerm extractEntry package.json
583 silly gunzTarPerm extractEntry .npmignore
584 silly gunzTarPerm extractEntry README
585 silly gunzTarPerm extractEntry LICENSE
586 silly gunzTarPerm extractEntry CONTRIBUTING.md
587 silly gunzTarPerm extractEntry Rakefile
588 silly gunzTarPerm extractEntry bin/cake
589 silly gunzTarPerm extractEntry bin/coffee
590 silly gunzTarPerm extractEntry CNAME
591 silly gunzTarPerm extractEntry lib/coffee-script/browser.js
592 silly gunzTarPerm extractEntry lib/coffee-script/extensions.js
593 silly gunzTarPerm extractEntry lib/coffee-script/grammar.js
594 silly gunzTarPerm extractEntry lib/coffee-script/helpers.js
595 silly gunzTarPerm extractEntry lib/coffee-script/index.js
596 silly gunzTarPerm extractEntry lib/coffee-script/command.js
597 silly gunzTarPerm extractEntry lib/coffee-script/nodes.js
598 silly gunzTarPerm extractEntry lib/coffee-script/optparse.js
599 silly gunzTarPerm extractEntry lib/coffee-script/parser.js
600 silly gunzTarPerm extractEntry lib/coffee-script/repl.js
601 silly gunzTarPerm extractEntry lib/coffee-script/rewriter.js
602 silly gunzTarPerm extractEntry lib/coffee-script/coffee-script.js
603 silly gunzTarPerm extractEntry lib/coffee-script/scope.js
604 silly gunzTarPerm extractEntry lib/coffee-script/cake.js
605 silly gunzTarPerm extractEntry lib/coffee-script/sourcemap.js
606 silly gunzTarPerm extractEntry lib/coffee-script/lexer.js
607 silly lockFile c9751527--npm-coffee-script-1-6-3-package tar:///home/izrafel/.npm/coffee-script/1.6.3/package
608 silly lockFile c9751527--npm-coffee-script-1-6-3-package tar:///home/izrafel/.npm/coffee-script/1.6.3/package
609 silly lockFile 5fcf1994--coffee-script-1-6-3-package-tgz tar:///home/izrafel/.npm/coffee-script/1.6.3/package.tgz
610 silly lockFile 5fcf1994--coffee-script-1-6-3-package-tgz tar:///home/izrafel/.npm/coffee-script/1.6.3/package.tgz
611 verbose chmod /home/izrafel/.npm/coffee-script/1.6.3/package.tgz 644
612 verbose chown /home/izrafel/.npm/coffee-script/1.6.3/package.tgz [ 1000, 1000 ]
613 silly lockFile 6e14d3f5-nas-coffee-script-tarball-master http://github.com/jashkenas/coffee-script/tarball/master
614 silly lockFile 6e14d3f5-nas-coffee-script-tarball-master http://github.com/jashkenas/coffee-script/tarball/master
615 http 404 https://registry.npmjs.org/coffee-scriptnpm
616 silly registry.get cb [ 404,
616 silly registry.get   { server: 'CouchDB/1.3.1 (Erlang OTP/R15B03)',
616 silly registry.get     date: 'Sat, 02 Nov 2013 18:05:50 GMT',
616 silly registry.get     'content-type': 'application/json',
616 silly registry.get     'content-length': '52',
616 silly registry.get     'cache-control': 'must-revalidate' } ]
617 silly lockFile 0aecb215-coffee-scriptnpm coffee-scriptnpm@
618 silly lockFile 0aecb215-coffee-scriptnpm coffee-scriptnpm@
619 error 404 'coffee-scriptnpm' is not in the npm registry.
619 error 404 You should bug the author to publish it
619 error 404
619 error 404 Note that you can also install from a
619 error 404 tarball, folder, or http url, or git url.
620 error System Linux 3.5.0-42-generic
621 error command "/usr/bin/node" "/usr/bin/npm" "install" "coffee-scriptnpm" "install" "http://github.com/jashkenas/coffee-script/tarball/master"
622 error cwd /home/izrafel/Dokumenty/Ruby on Rails/coffeescript-koans
623 error node -v v0.10.21
624 error npm -v 1.3.11
625 error code E404
626 verbose exit [ 1, true ]
