0 info it worked if it ends with ok
1 verbose cli [ '/usr/bin/node',
1 verbose cli   '/usr/bin/npm',
1 verbose cli   'install',
1 verbose cli   '-g',
1 verbose cli   'http://github.com/jashkenas/coffee-script/tarball/master' ]
2 info using npm@1.3.11
3 info using node@v0.10.21
4 verbose node symlink /usr/bin/node
5 verbose cache add [ 'http://github.com/jashkenas/coffee-script/tarball/master',
5 verbose cache add   null ]
6 verbose cache add name=undefined spec="http://github.com/jashkenas/coffee-script/tarball/master" args=["http://github.com/jashkenas/coffee-script/tarball/master",null]
7 verbose parsed url { protocol: 'http:',
7 verbose parsed url   slashes: true,
7 verbose parsed url   auth: null,
7 verbose parsed url   host: 'github.com',
7 verbose parsed url   port: null,
7 verbose parsed url   hostname: 'github.com',
7 verbose parsed url   hash: null,
7 verbose parsed url   search: null,
7 verbose parsed url   query: null,
7 verbose parsed url   pathname: '/jashkenas/coffee-script/tarball/master',
7 verbose parsed url   path: '/jashkenas/coffee-script/tarball/master',
7 verbose parsed url   href: 'http://github.com/jashkenas/coffee-script/tarball/master' }
8 silly lockFile 6e14d3f5-nas-coffee-script-tarball-master http://github.com/jashkenas/coffee-script/tarball/master
9 verbose lock http://github.com/jashkenas/coffee-script/tarball/master /home/izrafel/.npm/6e14d3f5-nas-coffee-script-tarball-master.lock
10 verbose addRemoteTarball [ 'http://github.com/jashkenas/coffee-script/tarball/master',
10 verbose addRemoteTarball   null ]
11 info retry fetch attempt 1 at 21:29:58
12 verbose fetch to= /home/izrafel/tmp/npm-8621-BCArqNrh/1383424198297-0.6618894534185529/tmp.tgz
13 http GET http://github.com/jashkenas/coffee-script/tarball/master
14 http 200 http://github.com/jashkenas/coffee-script/tarball/master
15 verbose tar unpack /home/izrafel/tmp/npm-8621-BCArqNrh/1383424198297-0.6618894534185529/tmp.tgz
16 silly lockFile d10e8532-98297-0-6618894534185529-package tar:///home/izrafel/tmp/npm-8621-BCArqNrh/1383424198297-0.6618894534185529/package
17 verbose lock tar:///home/izrafel/tmp/npm-8621-BCArqNrh/1383424198297-0.6618894534185529/package /home/izrafel/.npm/d10e8532-98297-0-6618894534185529-package.lock
18 silly lockFile 700c35a8-98297-0-6618894534185529-tmp-tgz tar:///home/izrafel/tmp/npm-8621-BCArqNrh/1383424198297-0.6618894534185529/tmp.tgz
19 verbose lock tar:///home/izrafel/tmp/npm-8621-BCArqNrh/1383424198297-0.6618894534185529/tmp.tgz /home/izrafel/.npm/700c35a8-98297-0-6618894534185529-tmp-tgz.lock
20 silly gunzTarPerm modes [ '755', '644' ]
21 silly gunzTarPerm extractEntry
22 silly gunzTarPerm modified mode [ '', 509, 493 ]
23 silly gunzTarPerm extractEntry .gitignore
24 silly gunzTarPerm modified mode [ '.gitignore', 436, 420 ]
25 silly gunzTarPerm extractEntry .npmignore
26 silly gunzTarPerm modified mode [ '.npmignore', 436, 420 ]
27 silly gunzTarPerm extractEntry CNAME
28 silly gunzTarPerm modified mode [ 'CNAME', 436, 420 ]
29 silly gunzTarPerm extractEntry CONTRIBUTING.md
30 silly gunzTarPerm modified mode [ 'CONTRIBUTING.md', 436, 420 ]
31 silly gunzTarPerm extractEntry Cakefile
32 silly gunzTarPerm modified mode [ 'Cakefile', 436, 420 ]
33 silly gunzTarPerm extractEntry LICENSE
34 silly gunzTarPerm modified mode [ 'LICENSE', 436, 420 ]
35 silly gunzTarPerm extractEntry README
36 silly gunzTarPerm modified mode [ 'README', 436, 420 ]
37 silly gunzTarPerm extractEntry Rakefile
38 silly gunzTarPerm modified mode [ 'Rakefile', 436, 420 ]
39 silly gunzTarPerm extractEntry bin/
40 silly gunzTarPerm modified mode [ 'bin/', 509, 493 ]
41 silly gunzTarPerm extractEntry bin/cake
42 silly gunzTarPerm modified mode [ 'bin/cake', 509, 493 ]
43 silly gunzTarPerm extractEntry bin/coffee
44 silly gunzTarPerm modified mode [ 'bin/coffee', 509, 493 ]
45 silly gunzTarPerm extractEntry documentation/
46 silly gunzTarPerm modified mode [ 'documentation/', 509, 493 ]
47 silly gunzTarPerm extractEntry documentation/coffee/
48 silly gunzTarPerm modified mode [ 'documentation/coffee/', 509, 493 ]
49 silly gunzTarPerm extractEntry documentation/coffee/aliases.coffee
50 silly gunzTarPerm modified mode [ 'documentation/coffee/aliases.coffee', 436, 420 ]
51 silly gunzTarPerm extractEntry documentation/coffee/array_comprehensions.coffee
52 silly gunzTarPerm modified mode [ 'documentation/coffee/array_comprehensions.coffee', 436, 420 ]
53 silly gunzTarPerm extractEntry documentation/coffee/block_comment.coffee
54 silly gunzTarPerm modified mode [ 'documentation/coffee/block_comment.coffee', 436, 420 ]
55 silly gunzTarPerm extractEntry documentation/coffee/cake_tasks.coffee
56 silly gunzTarPerm modified mode [ 'documentation/coffee/cake_tasks.coffee', 436, 420 ]
57 silly gunzTarPerm extractEntry documentation/coffee/classes.coffee
58 silly gunzTarPerm modified mode [ 'documentation/coffee/classes.coffee', 436, 420 ]
59 silly gunzTarPerm extractEntry documentation/coffee/comparisons.coffee
60 silly gunzTarPerm modified mode [ 'documentation/coffee/comparisons.coffee', 436, 420 ]
61 silly gunzTarPerm extractEntry documentation/coffee/conditionals.coffee
62 silly gunzTarPerm modified mode [ 'documentation/coffee/conditionals.coffee', 436, 420 ]
63 silly gunzTarPerm extractEntry documentation/coffee/constructor_destructuring.coffee
64 silly gunzTarPerm modified mode [ 'documentation/coffee/constructor_destructuring.coffee',
64 silly gunzTarPerm   436,
64 silly gunzTarPerm   420 ]
65 silly gunzTarPerm extractEntry documentation/coffee/default_args.coffee
66 silly gunzTarPerm modified mode [ 'documentation/coffee/default_args.coffee', 436, 420 ]
67 silly gunzTarPerm extractEntry documentation/coffee/do.coffee
68 silly gunzTarPerm modified mode [ 'documentation/coffee/do.coffee', 436, 420 ]
69 silly gunzTarPerm extractEntry documentation/coffee/embedded.coffee
70 silly gunzTarPerm modified mode [ 'documentation/coffee/embedded.coffee', 436, 420 ]
71 silly gunzTarPerm extractEntry documentation/coffee/existence.coffee
72 silly gunzTarPerm modified mode [ 'documentation/coffee/existence.coffee', 436, 420 ]
73 silly gunzTarPerm extractEntry documentation/coffee/expressions.coffee
74 silly gunzTarPerm modified mode [ 'documentation/coffee/expressions.coffee', 436, 420 ]
75 silly gunzTarPerm extractEntry documentation/coffee/expressions_assignment.coffee
76 silly gunzTarPerm modified mode [ 'documentation/coffee/expressions_assignment.coffee',
76 silly gunzTarPerm   436,
76 silly gunzTarPerm   420 ]
77 silly gunzTarPerm extractEntry documentation/coffee/expressions_comprehension.coffee
78 silly gunzTarPerm modified mode [ 'documentation/coffee/expressions_comprehension.coffee',
78 silly gunzTarPerm   436,
78 silly gunzTarPerm   420 ]
79 silly gunzTarPerm extractEntry documentation/coffee/expressions_try.coffee
80 silly gunzTarPerm modified mode [ 'documentation/coffee/expressions_try.coffee', 436, 420 ]
81 silly gunzTarPerm extractEntry documentation/coffee/fat_arrow.coffee
82 silly gunzTarPerm modified mode [ 'documentation/coffee/fat_arrow.coffee', 436, 420 ]
83 silly gunzTarPerm extractEntry documentation/coffee/functions.coffee
84 silly gunzTarPerm modified mode [ 'documentation/coffee/functions.coffee', 436, 420 ]
85 silly gunzTarPerm extractEntry documentation/coffee/heredocs.coffee
86 silly gunzTarPerm modified mode [ 'documentation/coffee/heredocs.coffee', 436, 420 ]
87 silly gunzTarPerm extractEntry documentation/coffee/heregexes.coffee
88 silly gunzTarPerm modified mode [ 'documentation/coffee/heregexes.coffee', 436, 420 ]
89 silly gunzTarPerm extractEntry documentation/coffee/interpolation.coffee
90 silly gunzTarPerm modified mode [ 'documentation/coffee/interpolation.coffee', 436, 420 ]
91 silly gunzTarPerm extractEntry documentation/coffee/multiple_return_values.coffee
92 silly gunzTarPerm modified mode [ 'documentation/coffee/multiple_return_values.coffee',
92 silly gunzTarPerm   436,
92 silly gunzTarPerm   420 ]
93 silly gunzTarPerm extractEntry documentation/coffee/object_comprehensions.coffee
94 silly gunzTarPerm modified mode [ 'documentation/coffee/object_comprehensions.coffee', 436, 420 ]
95 silly gunzTarPerm extractEntry documentation/coffee/object_extraction.coffee
96 silly gunzTarPerm modified mode [ 'documentation/coffee/object_extraction.coffee', 436, 420 ]
97 silly gunzTarPerm extractEntry documentation/coffee/objects_and_arrays.coffee
98 silly gunzTarPerm modified mode [ 'documentation/coffee/objects_and_arrays.coffee', 436, 420 ]
99 silly gunzTarPerm extractEntry documentation/coffee/objects_reserved.coffee
100 silly gunzTarPerm modified mode [ 'documentation/coffee/objects_reserved.coffee', 436, 420 ]
101 silly gunzTarPerm extractEntry documentation/coffee/overview.coffee
102 silly gunzTarPerm modified mode [ 'documentation/coffee/overview.coffee', 436, 420 ]
103 silly gunzTarPerm extractEntry documentation/coffee/parallel_assignment.coffee
104 silly gunzTarPerm modified mode [ 'documentation/coffee/parallel_assignment.coffee', 436, 420 ]
105 silly gunzTarPerm extractEntry documentation/coffee/patterns_and_splats.coffee
106 silly gunzTarPerm modified mode [ 'documentation/coffee/patterns_and_splats.coffee', 436, 420 ]
107 silly gunzTarPerm extractEntry documentation/coffee/prototypes.coffee
108 silly gunzTarPerm modified mode [ 'documentation/coffee/prototypes.coffee', 436, 420 ]
109 silly gunzTarPerm extractEntry documentation/coffee/range_comprehensions.coffee
110 silly gunzTarPerm modified mode [ 'documentation/coffee/range_comprehensions.coffee', 436, 420 ]
111 silly gunzTarPerm extractEntry documentation/coffee/scope.coffee
112 silly gunzTarPerm modified mode [ 'documentation/coffee/scope.coffee', 436, 420 ]
113 silly gunzTarPerm extractEntry documentation/coffee/slices.coffee
114 silly gunzTarPerm modified mode [ 'documentation/coffee/slices.coffee', 436, 420 ]
115 silly gunzTarPerm extractEntry documentation/coffee/soaks.coffee
116 silly gunzTarPerm modified mode [ 'documentation/coffee/soaks.coffee', 436, 420 ]
117 silly gunzTarPerm extractEntry documentation/coffee/splats.coffee
118 silly gunzTarPerm modified mode [ 'documentation/coffee/splats.coffee', 436, 420 ]
119 silly gunzTarPerm extractEntry documentation/coffee/splices.coffee
120 silly gunzTarPerm modified mode [ 'documentation/coffee/splices.coffee', 436, 420 ]
121 silly gunzTarPerm extractEntry documentation/coffee/strings.coffee
122 silly gunzTarPerm modified mode [ 'documentation/coffee/strings.coffee', 436, 420 ]
123 silly gunzTarPerm extractEntry documentation/coffee/switch.coffee
124 silly gunzTarPerm modified mode [ 'documentation/coffee/switch.coffee', 436, 420 ]
125 silly gunzTarPerm extractEntry documentation/coffee/switch_with_no_expression.coffee
126 silly gunzTarPerm modified mode [ 'documentation/coffee/switch_with_no_expression.coffee',
126 silly gunzTarPerm   436,
126 silly gunzTarPerm   420 ]
127 silly gunzTarPerm extractEntry documentation/coffee/try.coffee
128 silly gunzTarPerm modified mode [ 'documentation/coffee/try.coffee', 436, 420 ]
129 silly gunzTarPerm extractEntry documentation/coffee/while.coffee
130 silly gunzTarPerm modified mode [ 'documentation/coffee/while.coffee', 436, 420 ]
131 silly gunzTarPerm extractEntry documentation/css/
132 silly gunzTarPerm modified mode [ 'documentation/css/', 509, 493 ]
133 silly gunzTarPerm extractEntry documentation/css/docs.css
134 silly gunzTarPerm modified mode [ 'documentation/css/docs.css', 436, 420 ]
135 silly gunzTarPerm extractEntry documentation/css/idle.css
136 silly gunzTarPerm modified mode [ 'documentation/css/idle.css', 436, 420 ]
137 silly gunzTarPerm extractEntry documentation/docs/
138 silly gunzTarPerm modified mode [ 'documentation/docs/', 509, 493 ]
139 silly gunzTarPerm extractEntry documentation/docs/browser.html
140 silly gunzTarPerm modified mode [ 'documentation/docs/browser.html', 436, 420 ]
141 silly gunzTarPerm extractEntry documentation/docs/cake.html
142 silly gunzTarPerm modified mode [ 'documentation/docs/cake.html', 436, 420 ]
143 silly gunzTarPerm extractEntry documentation/docs/coffee-script.html
144 silly gunzTarPerm modified mode [ 'documentation/docs/coffee-script.html', 436, 420 ]
145 silly gunzTarPerm extractEntry documentation/docs/command.html
146 silly gunzTarPerm modified mode [ 'documentation/docs/command.html', 436, 420 ]
147 silly gunzTarPerm extractEntry documentation/docs/docco.css
148 silly gunzTarPerm modified mode [ 'documentation/docs/docco.css', 436, 420 ]
149 silly gunzTarPerm extractEntry documentation/docs/grammar.html
150 silly gunzTarPerm modified mode [ 'documentation/docs/grammar.html', 436, 420 ]
151 silly gunzTarPerm extractEntry documentation/docs/helpers.html
152 silly gunzTarPerm modified mode [ 'documentation/docs/helpers.html', 436, 420 ]
153 silly gunzTarPerm extractEntry documentation/docs/index.html
154 silly gunzTarPerm modified mode [ 'documentation/docs/index.html', 436, 420 ]
155 silly gunzTarPerm extractEntry documentation/docs/lexer.html
156 silly gunzTarPerm modified mode [ 'documentation/docs/lexer.html', 436, 420 ]
157 silly gunzTarPerm extractEntry documentation/docs/nodes.html
158 silly gunzTarPerm modified mode [ 'documentation/docs/nodes.html', 436, 420 ]
159 silly gunzTarPerm extractEntry documentation/docs/optparse.html
160 silly gunzTarPerm modified mode [ 'documentation/docs/optparse.html', 436, 420 ]
161 silly gunzTarPerm extractEntry documentation/docs/public/
162 silly gunzTarPerm modified mode [ 'documentation/docs/public/', 509, 493 ]
163 silly gunzTarPerm extractEntry documentation/docs/public/fonts/
164 silly gunzTarPerm modified mode [ 'documentation/docs/public/fonts/', 509, 493 ]
165 silly gunzTarPerm extractEntry documentation/docs/public/fonts/aller-bold.eot
166 silly gunzTarPerm modified mode [ 'documentation/docs/public/fonts/aller-bold.eot', 509, 493 ]
167 silly gunzTarPerm extractEntry documentation/docs/public/fonts/aller-bold.ttf
168 silly gunzTarPerm modified mode [ 'documentation/docs/public/fonts/aller-bold.ttf', 509, 493 ]
169 silly gunzTarPerm extractEntry documentation/docs/public/fonts/aller-bold.woff
170 silly gunzTarPerm modified mode [ 'documentation/docs/public/fonts/aller-bold.woff', 509, 493 ]
171 silly gunzTarPerm extractEntry documentation/docs/public/fonts/aller-light.eot
172 silly gunzTarPerm modified mode [ 'documentation/docs/public/fonts/aller-light.eot', 509, 493 ]
173 silly gunzTarPerm extractEntry documentation/docs/public/fonts/aller-light.ttf
174 silly gunzTarPerm modified mode [ 'documentation/docs/public/fonts/aller-light.ttf', 509, 493 ]
175 silly gunzTarPerm extractEntry documentation/docs/public/fonts/aller-light.woff
176 silly gunzTarPerm modified mode [ 'documentation/docs/public/fonts/aller-light.woff', 509, 493 ]
177 silly gunzTarPerm extractEntry documentation/docs/public/fonts/novecento-bold.eot
178 silly gunzTarPerm modified mode [ 'documentation/docs/public/fonts/novecento-bold.eot',
178 silly gunzTarPerm   509,
178 silly gunzTarPerm   493 ]
179 silly gunzTarPerm extractEntry documentation/docs/public/fonts/novecento-bold.ttf
180 silly gunzTarPerm modified mode [ 'documentation/docs/public/fonts/novecento-bold.ttf',
180 silly gunzTarPerm   509,
180 silly gunzTarPerm   493 ]
181 silly gunzTarPerm extractEntry documentation/docs/public/fonts/novecento-bold.woff
182 silly gunzTarPerm modified mode [ 'documentation/docs/public/fonts/novecento-bold.woff',
182 silly gunzTarPerm   509,
182 silly gunzTarPerm   493 ]
183 silly gunzTarPerm extractEntry documentation/docs/public/stylesheets/
184 silly gunzTarPerm modified mode [ 'documentation/docs/public/stylesheets/', 509, 493 ]
185 silly gunzTarPerm extractEntry documentation/docs/public/stylesheets/normalize.css
186 silly gunzTarPerm modified mode [ 'documentation/docs/public/stylesheets/normalize.css',
186 silly gunzTarPerm   436,
186 silly gunzTarPerm   420 ]
187 silly gunzTarPerm extractEntry documentation/docs/repl.html
188 silly gunzTarPerm modified mode [ 'documentation/docs/repl.html', 436, 420 ]
189 silly gunzTarPerm extractEntry documentation/docs/rewriter.html
190 silly gunzTarPerm modified mode [ 'documentation/docs/rewriter.html', 436, 420 ]
191 silly gunzTarPerm extractEntry documentation/docs/scope.html
192 silly gunzTarPerm modified mode [ 'documentation/docs/scope.html', 436, 420 ]
193 silly gunzTarPerm extractEntry documentation/docs/sourcemap.html
194 silly gunzTarPerm modified mode [ 'documentation/docs/sourcemap.html', 436, 420 ]
195 silly gunzTarPerm extractEntry documentation/docs/underscore.html
196 silly gunzTarPerm modified mode [ 'documentation/docs/underscore.html', 436, 420 ]
197 silly gunzTarPerm extractEntry documentation/images/
198 silly gunzTarPerm modified mode [ 'documentation/images/', 509, 493 ]
199 silly gunzTarPerm extractEntry documentation/images/background.png
200 silly gunzTarPerm modified mode [ 'documentation/images/background.png', 436, 420 ]
201 silly gunzTarPerm extractEntry documentation/images/banding.png
202 silly gunzTarPerm modified mode [ 'documentation/images/banding.png', 436, 420 ]
203 silly gunzTarPerm extractEntry documentation/images/button_bg.png
204 silly gunzTarPerm modified mode [ 'documentation/images/button_bg.png', 436, 420 ]
205 silly gunzTarPerm extractEntry documentation/images/button_bg_dark.gif
206 silly gunzTarPerm modified mode [ 'documentation/images/button_bg_dark.gif', 436, 420 ]
207 silly gunzTarPerm extractEntry documentation/images/button_bg_green.gif
208 silly gunzTarPerm modified mode [ 'documentation/images/button_bg_green.gif', 436, 420 ]
209 silly gunzTarPerm extractEntry documentation/images/favicon.ico
210 silly gunzTarPerm modified mode [ 'documentation/images/favicon.ico', 436, 420 ]
211 silly gunzTarPerm extractEntry documentation/images/logo.png
212 silly gunzTarPerm modified mode [ 'documentation/images/logo.png', 436, 420 ]
213 silly gunzTarPerm extractEntry documentation/images/screenshadow.png
214 silly gunzTarPerm modified mode [ 'documentation/images/screenshadow.png', 436, 420 ]
215 silly gunzTarPerm extractEntry documentation/index.html.erb
216 silly gunzTarPerm modified mode [ 'documentation/index.html.erb', 436, 420 ]
217 silly gunzTarPerm extractEntry documentation/js/
218 silly gunzTarPerm modified mode [ 'documentation/js/', 509, 493 ]
219 silly gunzTarPerm extractEntry documentation/js/aliases.js
220 silly gunzTarPerm modified mode [ 'documentation/js/aliases.js', 436, 420 ]
221 silly gunzTarPerm extractEntry documentation/js/array_comprehensions.js
222 silly gunzTarPerm modified mode [ 'documentation/js/array_comprehensions.js', 436, 420 ]
223 silly gunzTarPerm extractEntry documentation/js/block_comment.js
224 silly gunzTarPerm modified mode [ 'documentation/js/block_comment.js', 436, 420 ]
225 silly gunzTarPerm extractEntry documentation/js/cake_tasks.js
226 silly gunzTarPerm modified mode [ 'documentation/js/cake_tasks.js', 436, 420 ]
227 silly gunzTarPerm extractEntry documentation/js/classes.js
228 silly gunzTarPerm modified mode [ 'documentation/js/classes.js', 436, 420 ]
229 silly gunzTarPerm extractEntry documentation/js/comparisons.js
230 silly gunzTarPerm modified mode [ 'documentation/js/comparisons.js', 436, 420 ]
231 silly gunzTarPerm extractEntry documentation/js/conditionals.js
232 silly gunzTarPerm modified mode [ 'documentation/js/conditionals.js', 436, 420 ]
233 silly gunzTarPerm extractEntry documentation/js/constructor_destructuring.js
234 silly gunzTarPerm modified mode [ 'documentation/js/constructor_destructuring.js', 436, 420 ]
235 silly gunzTarPerm extractEntry documentation/js/default_args.js
236 silly gunzTarPerm modified mode [ 'documentation/js/default_args.js', 436, 420 ]
237 silly gunzTarPerm extractEntry documentation/js/do.js
238 silly gunzTarPerm modified mode [ 'documentation/js/do.js', 436, 420 ]
239 silly gunzTarPerm extractEntry documentation/js/embedded.js
240 silly gunzTarPerm modified mode [ 'documentation/js/embedded.js', 436, 420 ]
241 silly gunzTarPerm extractEntry documentation/js/existence.js
242 silly gunzTarPerm modified mode [ 'documentation/js/existence.js', 436, 420 ]
243 silly gunzTarPerm extractEntry documentation/js/expressions.js
244 silly gunzTarPerm modified mode [ 'documentation/js/expressions.js', 436, 420 ]
245 silly gunzTarPerm extractEntry documentation/js/expressions_assignment.js
246 silly gunzTarPerm modified mode [ 'documentation/js/expressions_assignment.js', 436, 420 ]
247 silly gunzTarPerm extractEntry documentation/js/expressions_comprehension.js
248 silly gunzTarPerm modified mode [ 'documentation/js/expressions_comprehension.js', 436, 420 ]
249 silly gunzTarPerm extractEntry documentation/js/expressions_try.js
250 silly gunzTarPerm modified mode [ 'documentation/js/expressions_try.js', 436, 420 ]
251 silly gunzTarPerm extractEntry documentation/js/fat_arrow.js
252 silly gunzTarPerm modified mode [ 'documentation/js/fat_arrow.js', 436, 420 ]
253 silly gunzTarPerm extractEntry documentation/js/functions.js
254 silly gunzTarPerm modified mode [ 'documentation/js/functions.js', 436, 420 ]
255 silly gunzTarPerm extractEntry documentation/js/heredocs.js
256 silly gunzTarPerm modified mode [ 'documentation/js/heredocs.js', 436, 420 ]
257 silly gunzTarPerm extractEntry documentation/js/heregexes.js
258 silly gunzTarPerm modified mode [ 'documentation/js/heregexes.js', 436, 420 ]
259 silly gunzTarPerm extractEntry documentation/js/interpolation.js
260 silly gunzTarPerm modified mode [ 'documentation/js/interpolation.js', 436, 420 ]
261 silly gunzTarPerm extractEntry documentation/js/multiple_return_values.js
262 silly gunzTarPerm modified mode [ 'documentation/js/multiple_return_values.js', 436, 420 ]
263 silly gunzTarPerm extractEntry documentation/js/object_comprehensions.js
264 silly gunzTarPerm modified mode [ 'documentation/js/object_comprehensions.js', 436, 420 ]
265 silly gunzTarPerm extractEntry documentation/js/object_extraction.js
266 silly gunzTarPerm modified mode [ 'documentation/js/object_extraction.js', 436, 420 ]
267 silly gunzTarPerm extractEntry documentation/js/objects_and_arrays.js
268 silly gunzTarPerm modified mode [ 'documentation/js/objects_and_arrays.js', 436, 420 ]
269 silly gunzTarPerm extractEntry documentation/js/objects_reserved.js
270 silly gunzTarPerm modified mode [ 'documentation/js/objects_reserved.js', 436, 420 ]
271 silly gunzTarPerm extractEntry documentation/js/overview.js
272 silly gunzTarPerm modified mode [ 'documentation/js/overview.js', 436, 420 ]
273 silly gunzTarPerm extractEntry documentation/js/parallel_assignment.js
274 silly gunzTarPerm modified mode [ 'documentation/js/parallel_assignment.js', 436, 420 ]
275 silly gunzTarPerm extractEntry documentation/js/patterns_and_splats.js
276 silly gunzTarPerm modified mode [ 'documentation/js/patterns_and_splats.js', 436, 420 ]
277 silly gunzTarPerm extractEntry documentation/js/prototypes.js
278 silly gunzTarPerm modified mode [ 'documentation/js/prototypes.js', 436, 420 ]
279 silly gunzTarPerm extractEntry documentation/js/range_comprehensions.js
280 silly gunzTarPerm modified mode [ 'documentation/js/range_comprehensions.js', 436, 420 ]
281 silly gunzTarPerm extractEntry documentation/js/scope.js
282 silly gunzTarPerm modified mode [ 'documentation/js/scope.js', 436, 420 ]
283 silly gunzTarPerm extractEntry documentation/js/slices.js
284 silly gunzTarPerm modified mode [ 'documentation/js/slices.js', 436, 420 ]
285 silly gunzTarPerm extractEntry documentation/js/soaks.js
286 silly gunzTarPerm modified mode [ 'documentation/js/soaks.js', 436, 420 ]
287 silly gunzTarPerm extractEntry documentation/js/splats.js
288 silly gunzTarPerm modified mode [ 'documentation/js/splats.js', 436, 420 ]
289 silly gunzTarPerm extractEntry documentation/js/splices.js
290 silly gunzTarPerm modified mode [ 'documentation/js/splices.js', 436, 420 ]
291 silly gunzTarPerm extractEntry documentation/js/strings.js
292 silly gunzTarPerm modified mode [ 'documentation/js/strings.js', 436, 420 ]
293 silly gunzTarPerm extractEntry documentation/js/switch.js
294 silly gunzTarPerm modified mode [ 'documentation/js/switch.js', 436, 420 ]
295 silly gunzTarPerm extractEntry documentation/js/switch_with_no_expression.js
296 silly gunzTarPerm modified mode [ 'documentation/js/switch_with_no_expression.js', 436, 420 ]
297 silly gunzTarPerm extractEntry documentation/js/try.js
298 silly gunzTarPerm modified mode [ 'documentation/js/try.js', 436, 420 ]
299 silly gunzTarPerm extractEntry documentation/js/while.js
300 silly gunzTarPerm modified mode [ 'documentation/js/while.js', 436, 420 ]
301 silly gunzTarPerm extractEntry documentation/vendor/
302 silly gunzTarPerm modified mode [ 'documentation/vendor/', 509, 493 ]
303 silly gunzTarPerm extractEntry documentation/vendor/jquery-1.6.4.js
304 silly gunzTarPerm modified mode [ 'documentation/vendor/jquery-1.6.4.js', 436, 420 ]
305 silly gunzTarPerm extractEntry examples/
306 silly gunzTarPerm modified mode [ 'examples/', 509, 493 ]
307 silly gunzTarPerm extractEntry examples/beautiful_code/
308 silly gunzTarPerm modified mode [ 'examples/beautiful_code/', 509, 493 ]
309 silly gunzTarPerm extractEntry examples/beautiful_code/binary_search.coffee
310 silly gunzTarPerm modified mode [ 'examples/beautiful_code/binary_search.coffee', 436, 420 ]
311 silly gunzTarPerm extractEntry examples/beautiful_code/quicksort_runtime.coffee
312 silly gunzTarPerm modified mode [ 'examples/beautiful_code/quicksort_runtime.coffee', 436, 420 ]
313 silly gunzTarPerm extractEntry examples/beautiful_code/regular_expression_matcher.coffee
314 silly gunzTarPerm modified mode [ 'examples/beautiful_code/regular_expression_matcher.coffee',
314 silly gunzTarPerm   436,
314 silly gunzTarPerm   420 ]
315 silly gunzTarPerm extractEntry examples/blocks.coffee
316 silly gunzTarPerm modified mode [ 'examples/blocks.coffee', 436, 420 ]
317 silly gunzTarPerm extractEntry examples/code.coffee
318 silly gunzTarPerm modified mode [ 'examples/code.coffee', 436, 420 ]
319 silly gunzTarPerm extractEntry examples/computer_science/
320 silly gunzTarPerm modified mode [ 'examples/computer_science/', 509, 493 ]
321 silly gunzTarPerm extractEntry examples/computer_science/README
322 silly gunzTarPerm modified mode [ 'examples/computer_science/README', 436, 420 ]
323 silly gunzTarPerm extractEntry examples/computer_science/binary_search.coffee
324 silly gunzTarPerm modified mode [ 'examples/computer_science/binary_search.coffee', 436, 420 ]
325 silly gunzTarPerm extractEntry examples/computer_science/bubble_sort.coffee
326 silly gunzTarPerm modified mode [ 'examples/computer_science/bubble_sort.coffee', 436, 420 ]
327 silly gunzTarPerm extractEntry examples/computer_science/linked_list.coffee
328 silly gunzTarPerm modified mode [ 'examples/computer_science/linked_list.coffee', 436, 420 ]
329 silly gunzTarPerm extractEntry examples/computer_science/luhn_algorithm.coffee
330 silly gunzTarPerm modified mode [ 'examples/computer_science/luhn_algorithm.coffee', 436, 420 ]
331 silly gunzTarPerm extractEntry examples/computer_science/merge_sort.coffee
332 silly gunzTarPerm modified mode [ 'examples/computer_science/merge_sort.coffee', 436, 420 ]
333 silly gunzTarPerm extractEntry examples/computer_science/selection_sort.coffee
334 silly gunzTarPerm modified mode [ 'examples/computer_science/selection_sort.coffee', 436, 420 ]
335 silly gunzTarPerm extractEntry examples/poignant.coffee
336 silly gunzTarPerm modified mode [ 'examples/poignant.coffee', 436, 420 ]
337 silly gunzTarPerm extractEntry examples/potion.coffee
338 silly gunzTarPerm modified mode [ 'examples/potion.coffee', 436, 420 ]
339 silly gunzTarPerm extractEntry examples/underscore.coffee
340 silly gunzTarPerm modified mode [ 'examples/underscore.coffee', 436, 420 ]
341 silly gunzTarPerm extractEntry examples/web_server.coffee
342 silly gunzTarPerm modified mode [ 'examples/web_server.coffee', 436, 420 ]
343 silly gunzTarPerm extractEntry extras/
344 silly gunzTarPerm modified mode [ 'extras/', 509, 493 ]
345 silly gunzTarPerm extractEntry extras/coffee-script.js
346 silly gunzTarPerm modified mode [ 'extras/coffee-script.js', 436, 420 ]
347 silly gunzTarPerm extractEntry index.html
348 silly gunzTarPerm modified mode [ 'index.html', 436, 420 ]
349 silly gunzTarPerm extractEntry lib/
350 silly gunzTarPerm modified mode [ 'lib/', 509, 493 ]
351 silly gunzTarPerm extractEntry lib/coffee-script/
352 silly gunzTarPerm modified mode [ 'lib/coffee-script/', 509, 493 ]
353 silly gunzTarPerm extractEntry lib/coffee-script/browser.js
354 silly gunzTarPerm modified mode [ 'lib/coffee-script/browser.js', 436, 420 ]
355 silly gunzTarPerm extractEntry lib/coffee-script/cake.js
356 silly gunzTarPerm modified mode [ 'lib/coffee-script/cake.js', 436, 420 ]
357 silly gunzTarPerm extractEntry lib/coffee-script/coffee-script.js
358 silly gunzTarPerm modified mode [ 'lib/coffee-script/coffee-script.js', 436, 420 ]
359 silly gunzTarPerm extractEntry lib/coffee-script/command.js
360 silly gunzTarPerm modified mode [ 'lib/coffee-script/command.js', 436, 420 ]
361 silly gunzTarPerm extractEntry lib/coffee-script/extensions.js
362 silly gunzTarPerm modified mode [ 'lib/coffee-script/extensions.js', 436, 420 ]
363 silly gunzTarPerm extractEntry lib/coffee-script/grammar.js
364 silly gunzTarPerm modified mode [ 'lib/coffee-script/grammar.js', 436, 420 ]
365 silly gunzTarPerm extractEntry lib/coffee-script/helpers.js
366 silly gunzTarPerm modified mode [ 'lib/coffee-script/helpers.js', 436, 420 ]
367 silly gunzTarPerm extractEntry lib/coffee-script/index.js
368 silly gunzTarPerm modified mode [ 'lib/coffee-script/index.js', 436, 420 ]
369 silly gunzTarPerm extractEntry lib/coffee-script/lexer.js
370 silly gunzTarPerm modified mode [ 'lib/coffee-script/lexer.js', 436, 420 ]
371 silly gunzTarPerm extractEntry lib/coffee-script/nodes.js
372 silly gunzTarPerm modified mode [ 'lib/coffee-script/nodes.js', 436, 420 ]
373 silly gunzTarPerm extractEntry lib/coffee-script/optparse.js
374 silly gunzTarPerm modified mode [ 'lib/coffee-script/optparse.js', 436, 420 ]
375 silly gunzTarPerm extractEntry lib/coffee-script/parser.js
376 silly gunzTarPerm modified mode [ 'lib/coffee-script/parser.js', 509, 493 ]
377 silly gunzTarPerm extractEntry lib/coffee-script/repl.js
378 silly gunzTarPerm modified mode [ 'lib/coffee-script/repl.js', 436, 420 ]
379 silly gunzTarPerm extractEntry lib/coffee-script/rewriter.js
380 silly gunzTarPerm modified mode [ 'lib/coffee-script/rewriter.js', 436, 420 ]
381 silly gunzTarPerm extractEntry lib/coffee-script/scope.js
382 silly gunzTarPerm modified mode [ 'lib/coffee-script/scope.js', 436, 420 ]
383 silly gunzTarPerm extractEntry lib/coffee-script/sourcemap.js
384 silly gunzTarPerm modified mode [ 'lib/coffee-script/sourcemap.js', 436, 420 ]
385 silly gunzTarPerm extractEntry package.json
386 silly gunzTarPerm modified mode [ 'package.json', 436, 420 ]
387 silly gunzTarPerm extractEntry src/
388 silly gunzTarPerm modified mode [ 'src/', 509, 493 ]
389 silly gunzTarPerm extractEntry src/browser.coffee
390 silly gunzTarPerm modified mode [ 'src/browser.coffee', 436, 420 ]
391 silly gunzTarPerm extractEntry src/cake.coffee
392 silly gunzTarPerm modified mode [ 'src/cake.coffee', 436, 420 ]
393 silly gunzTarPerm extractEntry src/coffee-script.coffee
394 silly gunzTarPerm modified mode [ 'src/coffee-script.coffee', 436, 420 ]
395 silly gunzTarPerm extractEntry src/command.coffee
396 silly gunzTarPerm modified mode [ 'src/command.coffee', 436, 420 ]
397 silly gunzTarPerm extractEntry src/extensions.coffee
398 silly gunzTarPerm modified mode [ 'src/extensions.coffee', 436, 420 ]
399 silly gunzTarPerm extractEntry src/grammar.coffee
400 silly gunzTarPerm modified mode [ 'src/grammar.coffee', 436, 420 ]
401 silly gunzTarPerm extractEntry src/helpers.coffee
402 silly gunzTarPerm modified mode [ 'src/helpers.coffee', 436, 420 ]
403 silly gunzTarPerm extractEntry src/index.coffee
404 silly gunzTarPerm modified mode [ 'src/index.coffee', 436, 420 ]
405 silly gunzTarPerm extractEntry src/lexer.coffee
406 silly gunzTarPerm modified mode [ 'src/lexer.coffee', 436, 420 ]
407 silly gunzTarPerm extractEntry src/nodes.coffee
408 silly gunzTarPerm modified mode [ 'src/nodes.coffee', 436, 420 ]
409 silly gunzTarPerm extractEntry src/optparse.coffee
410 silly gunzTarPerm modified mode [ 'src/optparse.coffee', 436, 420 ]
411 silly gunzTarPerm extractEntry src/repl.coffee
412 silly gunzTarPerm modified mode [ 'src/repl.coffee', 436, 420 ]
413 silly gunzTarPerm extractEntry src/rewriter.coffee
414 silly gunzTarPerm modified mode [ 'src/rewriter.coffee', 436, 420 ]
415 silly gunzTarPerm extractEntry src/scope.litcoffee
416 silly gunzTarPerm modified mode [ 'src/scope.litcoffee', 436, 420 ]
417 silly gunzTarPerm extractEntry src/sourcemap.litcoffee
418 silly gunzTarPerm modified mode [ 'src/sourcemap.litcoffee', 436, 420 ]
419 silly gunzTarPerm extractEntry test/
420 silly gunzTarPerm modified mode [ 'test/', 509, 493 ]
421 silly gunzTarPerm extractEntry test/arrays.coffee
422 silly gunzTarPerm modified mode [ 'test/arrays.coffee', 436, 420 ]
423 silly gunzTarPerm extractEntry test/assignment.coffee
424 silly gunzTarPerm modified mode [ 'test/assignment.coffee', 436, 420 ]
425 silly gunzTarPerm extractEntry test/booleans.coffee
426 silly gunzTarPerm modified mode [ 'test/booleans.coffee', 436, 420 ]
427 silly gunzTarPerm extractEntry test/classes.coffee
428 silly gunzTarPerm modified mode [ 'test/classes.coffee', 436, 420 ]
429 silly gunzTarPerm extractEntry test/cluster.coffee
430 silly gunzTarPerm modified mode [ 'test/cluster.coffee', 436, 420 ]
431 silly gunzTarPerm extractEntry test/comments.coffee
432 silly gunzTarPerm modified mode [ 'test/comments.coffee', 436, 420 ]
433 silly gunzTarPerm extractEntry test/compilation.coffee
434 silly gunzTarPerm modified mode [ 'test/compilation.coffee', 436, 420 ]
435 silly gunzTarPerm extractEntry test/comprehensions.coffee
436 silly gunzTarPerm modified mode [ 'test/comprehensions.coffee', 436, 420 ]
437 silly gunzTarPerm extractEntry test/control_flow.coffee
438 silly gunzTarPerm modified mode [ 'test/control_flow.coffee', 436, 420 ]
439 silly gunzTarPerm extractEntry test/error_messages.coffee
440 silly gunzTarPerm modified mode [ 'test/error_messages.coffee', 436, 420 ]
441 silly gunzTarPerm extractEntry test/eval.coffee
442 silly gunzTarPerm modified mode [ 'test/eval.coffee', 436, 420 ]
443 silly gunzTarPerm extractEntry test/exception_handling.coffee
444 silly gunzTarPerm modified mode [ 'test/exception_handling.coffee', 436, 420 ]
445 silly gunzTarPerm extractEntry test/formatting.coffee
446 silly gunzTarPerm modified mode [ 'test/formatting.coffee', 436, 420 ]
447 silly gunzTarPerm extractEntry test/function_invocation.coffee
448 silly gunzTarPerm modified mode [ 'test/function_invocation.coffee', 436, 420 ]
449 silly gunzTarPerm extractEntry test/functions.coffee
450 silly gunzTarPerm modified mode [ 'test/functions.coffee', 436, 420 ]
451 silly gunzTarPerm extractEntry test/helpers.coffee
452 silly gunzTarPerm modified mode [ 'test/helpers.coffee', 436, 420 ]
453 silly gunzTarPerm extractEntry test/importing.coffee
454 silly gunzTarPerm modified mode [ 'test/importing.coffee', 436, 420 ]
455 silly gunzTarPerm extractEntry test/importing/
456 silly gunzTarPerm modified mode [ 'test/importing/', 509, 493 ]
457 silly gunzTarPerm extractEntry test/importing/.coffee
458 silly gunzTarPerm modified mode [ 'test/importing/.coffee', 436, 420 ]
459 silly gunzTarPerm extractEntry test/importing/.coffee.md
460 silly gunzTarPerm modified mode [ 'test/importing/.coffee.md', 436, 420 ]
461 silly gunzTarPerm extractEntry test/importing/.import.coffee
462 silly gunzTarPerm modified mode [ 'test/importing/.import.coffee', 436, 420 ]
463 silly gunzTarPerm extractEntry test/importing/.import.coffee.md
464 silly gunzTarPerm modified mode [ 'test/importing/.import.coffee.md', 436, 420 ]
465 silly gunzTarPerm extractEntry test/importing/.import2
466 silly gunzTarPerm modified mode [ 'test/importing/.import2', 436, 420 ]
467 silly gunzTarPerm extractEntry test/importing/import.coffee
468 silly gunzTarPerm modified mode [ 'test/importing/import.coffee', 436, 420 ]
469 silly gunzTarPerm extractEntry test/importing/import.coffee.md
470 silly gunzTarPerm modified mode [ 'test/importing/import.coffee.md', 436, 420 ]
471 silly gunzTarPerm extractEntry test/importing/import.extension.coffee
472 silly gunzTarPerm modified mode [ 'test/importing/import.extension.coffee', 436, 420 ]
473 silly gunzTarPerm extractEntry test/importing/import.extension.coffee.md
474 silly gunzTarPerm modified mode [ 'test/importing/import.extension.coffee.md', 436, 420 ]
475 silly gunzTarPerm extractEntry test/importing/import.extension.js
476 silly gunzTarPerm modified mode [ 'test/importing/import.extension.js', 436, 420 ]
477 silly gunzTarPerm extractEntry test/importing/import.js
478 silly gunzTarPerm modified mode [ 'test/importing/import.js', 436, 420 ]
479 silly gunzTarPerm extractEntry test/importing/import.litcoffee
480 silly gunzTarPerm modified mode [ 'test/importing/import.litcoffee', 436, 420 ]
481 silly gunzTarPerm extractEntry test/importing/import.unknownextension
482 silly gunzTarPerm modified mode [ 'test/importing/import.unknownextension', 436, 420 ]
483 silly gunzTarPerm extractEntry test/importing/import2
484 silly gunzTarPerm modified mode [ 'test/importing/import2', 436, 420 ]
485 silly gunzTarPerm extractEntry test/importing/index.coffee.md
486 silly gunzTarPerm modified mode [ 'test/importing/index.coffee.md', 436, 420 ]
487 silly gunzTarPerm extractEntry test/interpolation.coffee
488 silly gunzTarPerm modified mode [ 'test/interpolation.coffee', 436, 420 ]
489 silly gunzTarPerm extractEntry test/javascript_literals.coffee
490 silly gunzTarPerm modified mode [ 'test/javascript_literals.coffee', 436, 420 ]
491 silly gunzTarPerm extractEntry test/literate.litcoffee
492 silly gunzTarPerm modified mode [ 'test/literate.litcoffee', 436, 420 ]
493 silly gunzTarPerm extractEntry test/location.coffee
494 silly gunzTarPerm modified mode [ 'test/location.coffee', 436, 420 ]
495 silly gunzTarPerm extractEntry test/numbers.coffee
496 silly gunzTarPerm modified mode [ 'test/numbers.coffee', 436, 420 ]
497 silly gunzTarPerm extractEntry test/objects.coffee
498 silly gunzTarPerm modified mode [ 'test/objects.coffee', 436, 420 ]
499 silly gunzTarPerm extractEntry test/operators.coffee
500 silly gunzTarPerm modified mode [ 'test/operators.coffee', 436, 420 ]
501 silly gunzTarPerm extractEntry test/option_parser.coffee
502 silly gunzTarPerm modified mode [ 'test/option_parser.coffee', 436, 420 ]
503 silly gunzTarPerm extractEntry test/ranges.coffee
504 silly gunzTarPerm modified mode [ 'test/ranges.coffee', 436, 420 ]
505 silly gunzTarPerm extractEntry test/regexps.coffee
506 silly gunzTarPerm modified mode [ 'test/regexps.coffee', 436, 420 ]
507 silly gunzTarPerm extractEntry test/repl.coffee
508 silly gunzTarPerm modified mode [ 'test/repl.coffee', 436, 420 ]
509 silly gunzTarPerm extractEntry test/scope.coffee
510 silly gunzTarPerm modified mode [ 'test/scope.coffee', 436, 420 ]
511 silly gunzTarPerm extractEntry test/slicing_and_splicing.coffee
512 silly gunzTarPerm modified mode [ 'test/slicing_and_splicing.coffee', 436, 420 ]
513 silly gunzTarPerm extractEntry test/soaks.coffee
514 silly gunzTarPerm modified mode [ 'test/soaks.coffee', 436, 420 ]
515 silly gunzTarPerm extractEntry test/sourcemap.coffee
516 silly gunzTarPerm modified mode [ 'test/sourcemap.coffee', 436, 420 ]
517 silly gunzTarPerm extractEntry test/strict.coffee
518 silly gunzTarPerm modified mode [ 'test/strict.coffee', 436, 420 ]
519 silly gunzTarPerm extractEntry test/strings.coffee
520 silly gunzTarPerm modified mode [ 'test/strings.coffee', 436, 420 ]
521 silly gunzTarPerm extractEntry test/test.html
522 silly gunzTarPerm modified mode [ 'test/test.html', 436, 420 ]
523 silly lockFile d10e8532-98297-0-6618894534185529-package tar:///home/izrafel/tmp/npm-8621-BCArqNrh/1383424198297-0.6618894534185529/package
524 silly lockFile d10e8532-98297-0-6618894534185529-package tar:///home/izrafel/tmp/npm-8621-BCArqNrh/1383424198297-0.6618894534185529/package
525 silly lockFile 700c35a8-98297-0-6618894534185529-tmp-tgz tar:///home/izrafel/tmp/npm-8621-BCArqNrh/1383424198297-0.6618894534185529/tmp.tgz
526 silly lockFile 700c35a8-98297-0-6618894534185529-tmp-tgz tar:///home/izrafel/tmp/npm-8621-BCArqNrh/1383424198297-0.6618894534185529/tmp.tgz
527 verbose tar pack [ '/home/izrafel/.npm/coffee-script/1.6.3/package.tgz',
527 verbose tar pack   '/home/izrafel/tmp/npm-8621-BCArqNrh/1383424198297-0.6618894534185529/package' ]
528 verbose tarball /home/izrafel/.npm/coffee-script/1.6.3/package.tgz
529 verbose folder /home/izrafel/tmp/npm-8621-BCArqNrh/1383424198297-0.6618894534185529/package
530 silly lockFile d10e8532-98297-0-6618894534185529-package tar:///home/izrafel/tmp/npm-8621-BCArqNrh/1383424198297-0.6618894534185529/package
531 verbose lock tar:///home/izrafel/tmp/npm-8621-BCArqNrh/1383424198297-0.6618894534185529/package /home/izrafel/.npm/d10e8532-98297-0-6618894534185529-package.lock
532 silly lockFile 5fcf1994--coffee-script-1-6-3-package-tgz tar:///home/izrafel/.npm/coffee-script/1.6.3/package.tgz
533 verbose lock tar:///home/izrafel/.npm/coffee-script/1.6.3/package.tgz /home/izrafel/.npm/5fcf1994--coffee-script-1-6-3-package-tgz.lock
534 silly lockFile d10e8532-98297-0-6618894534185529-package tar:///home/izrafel/tmp/npm-8621-BCArqNrh/1383424198297-0.6618894534185529/package
535 silly lockFile d10e8532-98297-0-6618894534185529-package tar:///home/izrafel/tmp/npm-8621-BCArqNrh/1383424198297-0.6618894534185529/package
536 silly lockFile 5fcf1994--coffee-script-1-6-3-package-tgz tar:///home/izrafel/.npm/coffee-script/1.6.3/package.tgz
537 silly lockFile 5fcf1994--coffee-script-1-6-3-package-tgz tar:///home/izrafel/.npm/coffee-script/1.6.3/package.tgz
538 silly lockFile 49f90cfb--npm-coffee-script-1-6-3-package /home/izrafel/.npm/coffee-script/1.6.3/package
539 verbose lock /home/izrafel/.npm/coffee-script/1.6.3/package /home/izrafel/.npm/49f90cfb--npm-coffee-script-1-6-3-package.lock
540 silly lockFile 49f90cfb--npm-coffee-script-1-6-3-package /home/izrafel/.npm/coffee-script/1.6.3/package
541 silly lockFile 49f90cfb--npm-coffee-script-1-6-3-package /home/izrafel/.npm/coffee-script/1.6.3/package
542 verbose tar unpack /home/izrafel/.npm/coffee-script/1.6.3/package.tgz
543 silly lockFile c9751527--npm-coffee-script-1-6-3-package tar:///home/izrafel/.npm/coffee-script/1.6.3/package
544 verbose lock tar:///home/izrafel/.npm/coffee-script/1.6.3/package /home/izrafel/.npm/c9751527--npm-coffee-script-1-6-3-package.lock
545 silly lockFile 5fcf1994--coffee-script-1-6-3-package-tgz tar:///home/izrafel/.npm/coffee-script/1.6.3/package.tgz
546 verbose lock tar:///home/izrafel/.npm/coffee-script/1.6.3/package.tgz /home/izrafel/.npm/5fcf1994--coffee-script-1-6-3-package-tgz.lock
547 silly gunzTarPerm modes [ '755', '644' ]
548 silly gunzTarPerm extractEntry package.json
549 silly gunzTarPerm extractEntry .npmignore
550 silly gunzTarPerm extractEntry README
551 silly gunzTarPerm extractEntry LICENSE
552 silly gunzTarPerm extractEntry CONTRIBUTING.md
553 silly gunzTarPerm extractEntry Rakefile
554 silly gunzTarPerm extractEntry bin/cake
555 silly gunzTarPerm extractEntry bin/coffee
556 silly gunzTarPerm extractEntry CNAME
557 silly gunzTarPerm extractEntry lib/coffee-script/browser.js
558 silly gunzTarPerm extractEntry lib/coffee-script/extensions.js
559 silly gunzTarPerm extractEntry lib/coffee-script/grammar.js
560 silly gunzTarPerm extractEntry lib/coffee-script/helpers.js
561 silly gunzTarPerm extractEntry lib/coffee-script/index.js
562 silly gunzTarPerm extractEntry lib/coffee-script/command.js
563 silly gunzTarPerm extractEntry lib/coffee-script/nodes.js
564 silly gunzTarPerm extractEntry lib/coffee-script/optparse.js
565 silly gunzTarPerm extractEntry lib/coffee-script/parser.js
566 silly gunzTarPerm extractEntry lib/coffee-script/repl.js
567 silly gunzTarPerm extractEntry lib/coffee-script/rewriter.js
568 silly gunzTarPerm extractEntry lib/coffee-script/coffee-script.js
569 silly gunzTarPerm extractEntry lib/coffee-script/scope.js
570 silly gunzTarPerm extractEntry lib/coffee-script/cake.js
571 silly gunzTarPerm extractEntry lib/coffee-script/sourcemap.js
572 silly gunzTarPerm extractEntry lib/coffee-script/lexer.js
573 silly lockFile c9751527--npm-coffee-script-1-6-3-package tar:///home/izrafel/.npm/coffee-script/1.6.3/package
574 silly lockFile c9751527--npm-coffee-script-1-6-3-package tar:///home/izrafel/.npm/coffee-script/1.6.3/package
575 silly lockFile 5fcf1994--coffee-script-1-6-3-package-tgz tar:///home/izrafel/.npm/coffee-script/1.6.3/package.tgz
576 silly lockFile 5fcf1994--coffee-script-1-6-3-package-tgz tar:///home/izrafel/.npm/coffee-script/1.6.3/package.tgz
577 verbose chmod /home/izrafel/.npm/coffee-script/1.6.3/package.tgz 644
578 verbose chown /home/izrafel/.npm/coffee-script/1.6.3/package.tgz [ 1000, 1000 ]
579 silly lockFile 6e14d3f5-nas-coffee-script-tarball-master http://github.com/jashkenas/coffee-script/tarball/master
580 silly lockFile 6e14d3f5-nas-coffee-script-tarball-master http://github.com/jashkenas/coffee-script/tarball/master
581 silly resolved [ { name: 'coffee-script',
581 silly resolved     description: 'Unfancy JavaScript',
581 silly resolved     keywords: [ 'javascript', 'language', 'coffeescript', 'compiler' ],
581 silly resolved     author: { name: 'Jeremy Ashkenas' },
581 silly resolved     version: '1.6.3',
581 silly resolved     license: 'MIT',
581 silly resolved     engines: { node: '>=0.8.0' },
581 silly resolved     directories: { lib: './lib/coffee-script' },
581 silly resolved     main: './lib/coffee-script/coffee-script',
581 silly resolved     bin: { coffee: './bin/coffee', cake: './bin/cake' },
581 silly resolved     scripts: { test: 'node ./bin/cake test' },
581 silly resolved     homepage: 'http://coffeescript.org',
581 silly resolved     bugs: { url: 'https://github.com/jashkenas/coffee-script/issues' },
581 silly resolved     repository:
581 silly resolved      { type: 'git',
581 silly resolved        url: 'git://github.com/jashkenas/coffee-script.git' },
581 silly resolved     devDependencies: { 'uglify-js': '~2.2', jison: '>=0.2.0' },
581 silly resolved     dependencies: { mkdirp: '~0.3.5' },
581 silly resolved     readme: '            {\n         }   }   {\n        {   {  }  }\n         }   }{  {\n        {  }{  }  }                    _____       __  __\n       { }{ }{  { }                   / ____|     / _|/ _|\n     .- { { }  { }} -.               | |     ___ | |_| |_ ___  ___\n    (  { } { } { } }  )              | |    / _ \\|  _|  _/ _ \\/ _ \\\n    |`-..________ ..-\'|              | |___| (_) | | | ||  __/  __/\n    |                 |               \\_____\\___/|_| |_| \\___|\\___|\n    |                 ;--.\n    |                (__  \\            _____           _       _\n    |                 | )  )          / ____|         (_)     | |\n    |                 |/  /          | (___   ___ _ __ _ _ __ | |_\n    |                 (  /            \\___ \\ / __| \'__| | \'_ \\| __|\n    |                 |/              ____) | (__| |  | | |_) | |_\n    |                 |              |_____/ \\___|_|  |_| .__/ \\__|\n     `-.._________..-\'                                  | |\n                                                        |_|\n\n\n  CoffeeScript is a little language that compiles into JavaScript.\n\n  Install Node.js, and then the CoffeeScript compiler:\n  sudo bin/cake install\n\n  Or, if you have the Node Package Manager installed:\n  npm install -g coffee-script\n  (Leave off the -g if you don\'t wish to install globally.)\n\n  Execute a script:\n  coffee /path/to/script.coffee\n\n  Compile a script:\n  coffee -c /path/to/script.coffee\n\n  For documentation, usage, and examples, see:\n  http://coffeescript.org/\n\n  To suggest a feature, report a bug, or general discussion:\n  http://github.com/jashkenas/coffee-script/issues/\n\n  If you\'d like to chat, drop by #coffeescript on Freenode IRC,\n  or on webchat.freenode.net.\n\n  The source repository:\n  git://github.com/jashkenas/coffee-script.git\n\n  All contributors are listed here:\n  http://github.com/jashkenas/coffee-script/contributors\n',
581 silly resolved     readmeFilename: 'README',
581 silly resolved     _id: 'coffee-script@1.6.3',
581 silly resolved     dist: { shasum: '7376c8e7a2188d91b8f215b2f7cf5728e87d4ead' },
581 silly resolved     _from: 'http://github.com/jashkenas/coffee-script/tarball/master',
581 silly resolved     _resolved: 'http://github.com/jashkenas/coffee-script/tarball/master' } ]
582 info install coffee-script@1.6.3 into /usr/lib
583 info installOne coffee-script@1.6.3
584 info /usr/lib/node_modules/coffee-script unbuild
585 verbose tar unpack /home/izrafel/.npm/coffee-script/1.6.3/package.tgz
586 silly lockFile ac7c323f-r-lib-node-modules-coffee-script tar:///usr/lib/node_modules/coffee-script
587 verbose lock tar:///usr/lib/node_modules/coffee-script /home/izrafel/.npm/ac7c323f-r-lib-node-modules-coffee-script.lock
588 silly lockFile 5fcf1994--coffee-script-1-6-3-package-tgz tar:///home/izrafel/.npm/coffee-script/1.6.3/package.tgz
589 verbose lock tar:///home/izrafel/.npm/coffee-script/1.6.3/package.tgz /home/izrafel/.npm/5fcf1994--coffee-script-1-6-3-package-tgz.lock
590 silly gunzTarPerm modes [ '755', '644' ]
591 error Error: EACCES, mkdir '/usr/lib/node_modules/coffee-script'
591 error  { [Error: EACCES, mkdir '/usr/lib/node_modules/coffee-script']
591 error   errno: 3,
591 error   code: 'EACCES',
591 error   path: '/usr/lib/node_modules/coffee-script',
591 error   fstream_type: 'Directory',
591 error   fstream_path: '/usr/lib/node_modules/coffee-script',
591 error   fstream_class: 'DirWriter',
591 error   fstream_stack:
591 error    [ '/usr/lib/node_modules/npm/node_modules/fstream/lib/dir-writer.js:36:23',
591 error      '/usr/lib/node_modules/npm/node_modules/mkdirp/index.js:37:53',
591 error      'Object.oncomplete (fs.js:107:15)' ] }
592 error Please try running this command again as root/Administrator.
593 error System Linux 3.5.0-42-generic
594 error command "/usr/bin/node" "/usr/bin/npm" "install" "-g" "http://github.com/jashkenas/coffee-script/tarball/master"
595 error cwd /home/izrafel/Dokumenty/Ruby on Rails/coffeescript-koans/koans
596 error node -v v0.10.21
597 error npm -v 1.3.11
598 error path /usr/lib/node_modules/coffee-script
599 error fstream_path /usr/lib/node_modules/coffee-script
600 error fstream_type Directory
601 error fstream_class DirWriter
602 error code EACCES
603 error errno 3
604 error stack Error: EACCES, mkdir '/usr/lib/node_modules/coffee-script'
605 error fstream_stack /usr/lib/node_modules/npm/node_modules/fstream/lib/dir-writer.js:36:23
605 error fstream_stack /usr/lib/node_modules/npm/node_modules/mkdirp/index.js:37:53
605 error fstream_stack Object.oncomplete (fs.js:107:15)
606 verbose exit [ 3, true ]
